**********************************************
* Logging started at ¶g„| ¤C¤ė 2 13:21:54 2026
* By flac3d Version 6.00 Release 069
* 
* 
* Job Title: 
**********************************************
flac3d>model restore 'Large_Initial'
********************************************
Save file created by FLAC3D 6.00.69.0
on ¶g„| ¤C¤ė 2 12:48:52 2026
Total Cycles: 6958  Super Cycles: 6958
Title: Alishan #46 LARGE far-field model -- TET (4-layer conformal geology, DEM top)
Customer: 
        : 
********************************************
flac3d>fish define export_slice
   Def>    local fn = 'slice_large_init.txt'
   Def>    local st = file.open(fn,1,1)
   Def>    local fl = array.create(1)
   Def>    fl(1) = 'x z szz sxx pp'
   Def>    st = file.write(fl,1)
   Def>    local nout = 0
   Def>    loop foreach local z zone.list
   Def>        local y = zone.pos.y(z)
   Def>        if y > 875.0 then
   Def>        if y < 925.0 then
   Def>            local x = zone.pos.x(z)
   Def>            local zz = zone.pos.z(z)
   Def>            fl(1) = string(x)+' '+string(zz)+' '+string(zone.stress.zz(z))+' '+string(zone.stress.xx(z))+' '+string(zone.pp(z))
   Def>            st = file.write(fl,1)
   Def>            nout = nout + 1
   Def>        end_if
   Def>        end_if
   Def>    end_loop
   Def>    st = file.close
   Def>    io.out('RLI exported '+string(nout)+' zones (y 875-925 slice) to '+fn)
   Def>end
flac3d>[export_slice]
RLI exported 20534 zones (y 875-925 slice) to slice_large_init.txt
0 (integer)
flac3d>program quit
