**********************************************
* Logging started at 秅 る 2 13:39:27 2026
* By flac3d Version 6.00 Release 069
* 
* 
* Job Title: 
**********************************************
flac3d>model restore '../02_SmallModel/Small_Model'
********************************************
Save file created by FLAC3D 6.00.69.0
on 秅 せる 23 09:43:34 2026
Total Cycles: 0  Super Cycles: 0
Title: Alishan #46 SMALL near-field -- CONFORMAL rock(6-layer)+lining ring, Route C
Customer: 
        : 
********************************************
flac3d>call 'parameter.f3dat'
flac3d>; ============================================================================
flac3d>; parameter.f3dat -- Alishan #46 UNIFIED material parameters (Wade-ruled, 2026-06-22)
flac3d>; Large(4-layer) / Small(6-layer) rock + lining(D7) + coupled PFC(D7 calib).
flac3d>;
flac3d>; Unification rulings (Wade):
flac3d>;   * nu = 0.25 single value (static MC + creep bulk same source).
flac3d>;   * E is PER-LAYER (not uniform): lithology-based within Hoek-Diederichs
flac3d>;     rock-mass range (sandstone 3-8, sandshale 1-3 GPa; colluvium/weathered soft).
flac3d>;     -> GSI/E have NO field data: per-layer E are documented-range central
flac3d>;        judgements, GSI-basis TODO (D3). c/phi are GSI-reduced placeholders.
flac3d>;   * Burgers creep: shear-maxwell = shear-kelvin = the layer ELASTIC G,
flac3d>;     bulk = the layer elastic K  (instantaneous static==creep, no spurious soften).
flac3d>;   * viscosity-maxwell eta_m = 6.0e15 Pa.s ; viscosity-kelvin eta_k = 2.4e13 Pa.s.
flac3d>;   * creep threshold ratio = 0.6 :  q_th = 0.6*(c*cos(phi)+p'*sin(phi)).
flac3d>;   * creep timestep = 600 s (fixed).
flac3d>;   * layer4 sandshale(WET): c = 100 kPa, phi = 30 deg (Wade).
flac3d>; Units: SI (Pa, kg/m3, deg, m, Pa.s).  Sign: compression negative.
flac3d>; ============================================================================
flac3d>
flac3d>; ---------- global / environment ----------
flac3d>[global nu     = 0.25]            ; single Poisson, all rock layers
flac3d>[global K0     = 0.7]             ; lateral stress ratio (placeholder, no field basis)
flac3d>[global grav   = 9.81]            ; m/s2
flac3d>[global poro   = 0.1]             ; porosity n
flac3d>[global satr   = 0.1]             ; saturation S
flac3d>[global rho_w  = 1000.0]          ; water density kg/m3
flac3d>[global pmb    = 1.0e-5]          ; FLAC mobility coeff m2/(Pa.s); near-tunnel x100
flac3d>[global ten_r  = 1.0e5]           ; rock tension cutoff 100 kPa (all layers)
flac3d>
flac3d>; ---------- elastic helpers (nu=0.25 -> G=E/2.5, K=E/1.5) ----------
flac3d>fish define _gk(ee)
   Def>    _gk = ee / (2.0*(1.0+nu))     ; shear  G
   Def>end
flac3d>fish define _bk(ee)
   Def>    _bk = ee / (3.0*(1.0-2.0*nu)) ; bulk   K
   Def>end
flac3d>
flac3d>; ====================== LARGE model : 4 layers ======================
flac3d>; layer1 colluvium / layer2 ssh / layer3 bedrock / layer4 basement
flac3d>[global E_L_1 = 0.5e9 ]
flac3d>[global co_L_1 = 1.9e5]
flac3d>[global fr_L_1 = 29.1]
flac3d>[global den_L_1 = 2150.0]
flac3d>[global E_L_2 = 2.0e9 ]
flac3d>[global co_L_2 = 2.9e5]
flac3d>[global fr_L_2 = 35.1]
flac3d>[global den_L_2 = 2630.0]
flac3d>[global E_L_3 = 5.0e9 ]
flac3d>[global co_L_3 = 4.7e5]
flac3d>[global fr_L_3 = 44.3]
flac3d>[global den_L_3 = 2600.0]
flac3d>[global E_L_4 = 7.0e9 ]
flac3d>[global co_L_4 = 8.0e5]
flac3d>[global fr_L_4 = 51.5]
flac3d>[global den_L_4 = 2600.0]
flac3d>
flac3d>; ====================== SMALL model : 6 layers ======================
flac3d>; l1 weathered-ss / l2 ss+sandshale / l3 ss+shale / l4 sandshale(WET) / l5 sandshale / l6 basement
flac3d>[global E_S_1 = 1.0e9 ]
flac3d>[global co_S_1 = 1.9e5 ]
flac3d>[global fr_S_1 = 29.1]
flac3d>[global den_S_1 = 2600.0]
flac3d>[global E_S_2 = 2.0e9 ]
flac3d>[global co_S_2 = 2.9e5 ]
flac3d>[global fr_S_2 = 35.1]
flac3d>[global den_S_2 = 2630.0]
flac3d>[global E_S_3 = 3.5e9 ]
flac3d>[global co_S_3 = 4.7e5 ]
flac3d>[global fr_S_3 = 44.3]
flac3d>[global den_S_3 = 2630.0]
flac3d>[global E_S_4 = 1.5e9 ]
flac3d>[global co_S_4 = 1.0e5 ]   ; WET, Wade c100/phi30
flac3d>[global fr_S_4 = 30.0]
flac3d>[global den_S_4 = 2630.0]
flac3d>[global E_S_5 = 3.0e9 ]
flac3d>[global co_S_5 = 8.0e5 ]
flac3d>[global fr_S_5 = 51.5]
flac3d>[global den_S_5 = 2630.0]
flac3d>[global E_S_6 = 7.0e9 ]
flac3d>[global co_S_6 = 20.6e5]
flac3d>[global fr_S_6 = 56.3]
flac3d>[global den_S_6 = 2600.0]
flac3d>
flac3d>; ---------- creep (Burgers-Mohr) : per-layer G_m=G_k=G(E,nu), bulk=K(E,nu) ----------
flac3d>[global eta_m = 6.0e15]           ; viscosity-maxwell (Wade)
flac3d>[global eta_k = 2.4e13]           ; viscosity-kelvin (proven)
flac3d>[global crp_threshold = 0.6]      ; q_th = 0.6*(c*cosphi + p'*sinphi)
flac3d>[global crp_dt = 600.0]           ; creep timestep (s) (Wade)
flac3d>
flac3d>; ---------- lining (R.C. continuum, D7 DECIDED) ----------
flac3d>[global shot_E   = 25e9]
flac3d>[global shot_v   = 0.2]
flac3d>[global shot_t   = 0.40]
flac3d>[global shot_den = 2400.0]
flac3d>[global shot_fc  = 41.2e6]
flac3d>[global shot_ft  = 4.12e6]
flac3d>
flac3d>; ---------- coupled PFC lining BPM micro (D7 FINAL_CALIB) ----------
flac3d>[global pfc_emod    = 9.65e9]     ; linear deformability
flac3d>[global pfc_kratio  = 1.0]
flac3d>[global pfc_pb_emod = 5.88e9]     ; parallel-bond deformability
flac3d>[global pfc_pb_krat = 0.6]
flac3d>[global pfc_pb_ten  = 2.10e6]     ; Pa
flac3d>[global pfc_pb_coh  = 2.30e7]     ; Pa
flac3d>[global pfc_pb_fa   = 25.0]       ; deg
flac3d>[global pfc_bondgap = 0.03]       ; m  (= cmat proximity)
flac3d>[global pfc_ball_den  = 2400.0]
flac3d>[global pfc_ball_damp = 0.7]
flac3d>[global pfc_fric      = 0.5]
flac3d>[global pfc_bf_strong = 1.0e20]   ; ball-facet pb (unbreakable coupling, NOT material)
flac3d>
flac3d>[io.out('=== parameter.f3dat loaded : nu='+string(nu)+' K0='+string(K0)+' eta_m='+string(eta_m)+' crp_dt='+string(crp_dt)+' ===')]
=== parameter.f3dat loaded : nu=0.25 K0=0.7 eta_m=6e+15 crp_dt=600 ===
flac3d>call 'idw_map.f3dat'
flac3d>; idw_map.f3dat -- submodel stress transfer (reused from proven G:/260529 io_stress).
flac3d>; ReadFile_ss(fname): load parent zone-stress export into global arrays.
flac3d>; MapStress_IDW(radius): inverse-distance-weighted map onto ALL target zones
flac3d>;   (rock + lining).  Wade 2026-06-22: the conformal lining shares nodes with the
flac3d>;   rock, so it is initialized to the same in-situ field (true wished-in-place,
flac3d>;   continuous interface at t=0, no internal force jump).
flac3d>fish automatic-create off
flac3d>
flac3d>[global ss_ndata = 1]
flac3d>[global ss_xdat = array.create(1)]
flac3d>[global ss_ydat = array.create(1)]
flac3d>[global ss_zdat = array.create(1)]
flac3d>[global sxxdat = array.create(1)]
flac3d>[global syydat = array.create(1)]
flac3d>[global szzdat = array.create(1)]
flac3d>[global sxydat = array.create(1)]
flac3d>[global sxzdat = array.create(1)]
flac3d>[global syzdat = array.create(1)]
flac3d>
flac3d>def ReadFile_ss(fname)
   Def>    local arr = array.create(1)
   Def>    ss_ndata = 0
   Def>    local stat = file.close
   Def>    stat = file.open(fname,0,1)
   Def>    if stat # 0 then
   Def>        io.out('ReadFile_ss: file.open failed status='+string(stat))
   Def>        exit
   Def>    endif
   Def>    stat = file.read(arr,1)            ; header
   Def>    stat = file.read(arr,1)            ; first data row
   Def>    loop while stat = 0
   Def>        ss_ndata = ss_ndata + 1
   Def>        stat = file.read(arr,1)
   Def>    endloop
   Def>    stat = file.close
   Def>    io.out('ReadFile_ss: data rows = '+string(ss_ndata))
   Def>    if ss_ndata <= 0 then
   Def>        exit
   Def>    endif
   Def>    ss_xdat = array.create(ss_ndata)
   Def>    ss_ydat = array.create(ss_ndata)
   Def>    ss_zdat = array.create(ss_ndata)
   Def>    sxxdat = array.create(ss_ndata)
   Def>    syydat = array.create(ss_ndata)
   Def>    szzdat = array.create(ss_ndata)
   Def>    sxydat = array.create(ss_ndata)
   Def>    sxzdat = array.create(ss_ndata)
   Def>    syzdat = array.create(ss_ndata)
   Def>    stat = file.open(fname,0,1)
   Def>    stat = file.read(arr,1)            ; skip header
   Def>    local i = 0
   Def>    stat = file.read(arr,1)
   Def>    loop while stat = 0
   Def>        i = i + 1
   Def>        local line = arr(1)
   Def>        ss_xdat(i) = string.token(line,2)
   Def>        ss_ydat(i) = string.token(line,3)
   Def>        ss_zdat(i) = string.token(line,4)
   Def>        sxxdat(i) = string.token(line,5)
   Def>        syydat(i) = string.token(line,6)
   Def>        szzdat(i) = string.token(line,7)
   Def>        sxydat(i) = string.token(line,8)
   Def>        sxzdat(i) = string.token(line,9)
   Def>        syzdat(i) = string.token(line,10)
   Def>        stat = file.read(arr,1)
   Def>    endloop
   Def>    stat = file.close
   Def>    io.out('ReadFile_ss: parsed '+string(i)+' rows')
   Def>end
flac3d>
flac3d>def MapStress_IDW(search_radius)
   Def>    local nmap = 0
   Def>    loop foreach local iz zone.list
   Def>        if zone.id(iz) > 0 then            ; ALL zones (rock + lining) -- wished-in-place
   Def>            local x = zone.pos.x(iz)
   Def>            local y = zone.pos.y(iz)
   Def>            local z = zone.pos.z(iz)
   Def>            local sum_w = 0.0
   Def>            local s_xx = 0.0
   Def>            local s_yy = 0.0
   Def>            local s_zz = 0.0
   Def>            local s_xy = 0.0
   Def>            local s_xz = 0.0
   Def>            local s_yz = 0.0
   Def>            local dmin = 1.0e30
   Def>            local inear = 1
   Def>            local i = 1
   Def>            loop while i <= ss_ndata
   Def>                local dx = math.abs(x - ss_xdat(i))
   Def>                if dx <= search_radius then
   Def>                    local dy = math.abs(y - ss_ydat(i))
   Def>                    if dy <= search_radius then
   Def>                        local dz = math.abs(z - ss_zdat(i))
   Def>                        if dz <= search_radius then
   Def>                            local d2 = dx*dx + dy*dy + dz*dz
   Def>                            if d2 <= (search_radius*search_radius) then
   Def>                                if d2 < dmin then
   Def>                                    dmin = d2
   Def>                                    inear = i
   Def>                                endif
   Def>                                local w = 1.0 / math.max(d2,1e-10)
   Def>                                sum_w = sum_w + w
   Def>                                s_xx = s_xx + sxxdat(i)*w
   Def>                                s_yy = s_yy + syydat(i)*w
   Def>                                s_zz = s_zz + szzdat(i)*w
   Def>                                s_xy = s_xy + sxydat(i)*w
   Def>                                s_xz = s_xz + sxzdat(i)*w
   Def>                                s_yz = s_yz + syzdat(i)*w
   Def>                            endif
   Def>                        endif
   Def>                    endif
   Def>                endif
   Def>                i = i + 1
   Def>            endloop
   Def>            if sum_w > 0.0 then
   Def>                zone.stress.xx(iz) = s_xx / sum_w
   Def>                zone.stress.yy(iz) = s_yy / sum_w
   Def>                zone.stress.zz(iz) = s_zz / sum_w
   Def>                zone.stress.xy(iz) = s_xy / sum_w
   Def>                zone.stress.xz(iz) = s_xz / sum_w
   Def>                zone.stress.yz(iz) = s_yz / sum_w
   Def>            else
   Def>                i = 1
   Def>                loop while i <= ss_ndata
   Def>                    local d2b = (x-ss_xdat(i))^2 + (y-ss_ydat(i))^2 + (z-ss_zdat(i))^2
   Def>                    if d2b < dmin then
   Def>                        dmin = d2b
   Def>                        inear = i
   Def>                    endif
   Def>                    i = i + 1
   Def>                endloop
   Def>                zone.stress.xx(iz) = sxxdat(inear)
   Def>                zone.stress.yy(iz) = syydat(inear)
   Def>                zone.stress.zz(iz) = szzdat(inear)
   Def>                zone.stress.xy(iz) = sxydat(inear)
   Def>                zone.stress.xz(iz) = sxzdat(inear)
   Def>                zone.stress.yz(iz) = syzdat(inear)
   Def>            endif
   Def>            nmap = nmap + 1
   Def>        endif
   Def>    endloop
   Def>    io.out('MapStress_IDW: mapped onto '+string(nmap)+' zones rock+lining (radius '+string(search_radius)+')')
   Def>end
flac3d>model configure fluid
--- Process fluid configured
flac3d>model configure creep
--- Process creep configured
flac3d>model largestrain off
flac3d>
flac3d>; --- boundary face groups (skin) for fluid pore-pressure BC ---
flac3d>zone face skin
--- 111664 surface faces assigned names in slot Skin.
flac3d>[io.out('SI-0 restored + skinned; zones='+string(zone.num)+' gps='+string(gp.num))]
SI-0 restored + skinned; zones=1433466 gps=269452
flac3d>
flac3d>; --- 6-layer rock Mohr-Coulomb (Tunnel_TX per-layer params) ---
flac3d>zone cmodel assign mohr-coulomb range group 'rock' slot 'mat'
flac3d>zone property young [E_S_1] poisson [nu] cohesion [co_S_1] friction [fr_S_1] tension [ten_r] range group 'layer1' slot 'type'
--- Property young set in 20346 zones using the mohr-coulomb model.
--- Property poisson set in 20346 zones using the mohr-coulomb model.
--- Property cohesion set in 20346 zones using the mohr-coulomb model.
--- Property friction set in 20346 zones using the mohr-coulomb model.
--- Property tension set in 20346 zones using the mohr-coulomb model.
flac3d>zone property young [E_S_2] poisson [nu] cohesion [co_S_2] friction [fr_S_2] tension [ten_r] range group 'layer2' slot 'type'
--- Property young set in 23503 zones using the mohr-coulomb model.
--- Property poisson set in 23503 zones using the mohr-coulomb model.
--- Property cohesion set in 23503 zones using the mohr-coulomb model.
--- Property friction set in 23503 zones using the mohr-coulomb model.
--- Property tension set in 23503 zones using the mohr-coulomb model.
flac3d>zone property young [E_S_3] poisson [nu] cohesion [co_S_3] friction [fr_S_3] tension [ten_r] range group 'layer3' slot 'type'
--- Property young set in 151327 zones using the mohr-coulomb model.
--- Property poisson set in 151327 zones using the mohr-coulomb model.
--- Property cohesion set in 151327 zones using the mohr-coulomb model.
--- Property friction set in 151327 zones using the mohr-coulomb model.
--- Property tension set in 151327 zones using the mohr-coulomb model.
flac3d>zone property young [E_S_4] poisson [nu] cohesion [co_S_4] friction [fr_S_4] tension [ten_r] range group 'layer4' slot 'type'
--- Property young set in 618771 zones using the mohr-coulomb model.
--- Property poisson set in 618771 zones using the mohr-coulomb model.
--- Property cohesion set in 618771 zones using the mohr-coulomb model.
--- Property friction set in 618771 zones using the mohr-coulomb model.
--- Property tension set in 618771 zones using the mohr-coulomb model.
flac3d>zone property young [E_S_5] poisson [nu] cohesion [co_S_5] friction [fr_S_5] tension [ten_r] range group 'layer5' slot 'type'
--- Property young set in 255448 zones using the mohr-coulomb model.
--- Property poisson set in 255448 zones using the mohr-coulomb model.
--- Property cohesion set in 255448 zones using the mohr-coulomb model.
--- Property friction set in 255448 zones using the mohr-coulomb model.
--- Property tension set in 255448 zones using the mohr-coulomb model.
flac3d>zone property young [E_S_6] poisson [nu] cohesion [co_S_6] friction [fr_S_6] tension [ten_r] range group 'layer6' slot 'type'
--- Property young set in 29060 zones using the mohr-coulomb model.
--- Property poisson set in 29060 zones using the mohr-coulomb model.
--- Property cohesion set in 29060 zones using the mohr-coulomb model.
--- Property friction set in 29060 zones using the mohr-coulomb model.
--- Property tension set in 29060 zones using the mohr-coulomb model.
flac3d>zone initialize density [den_S_1] range group 'layer1' slot 'type'
--- density modified in 20346 zones.
flac3d>zone initialize density [den_S_2] range group 'layer2' slot 'type'
--- density modified in 23503 zones.
flac3d>zone initialize density [den_S_3] range group 'layer3' slot 'type'
--- density modified in 151327 zones.
flac3d>zone initialize density [den_S_4] range group 'layer4' slot 'type'
--- density modified in 618771 zones.
flac3d>zone initialize density [den_S_5] range group 'layer5' slot 'type'
--- density modified in 255448 zones.
flac3d>zone initialize density [den_S_6] range group 'layer6' slot 'type'
--- density modified in 29060 zones.
flac3d>
flac3d>; --- Wade: NULL the lining zone FIRST (bare bore for two-stage relax->support) ---
flac3d>zone cmodel assign null range group 'lining' slot 'type'
flac3d>[io.out('SI-1 lining nulled (bare bore)')]
SI-1 lining nulled (bare bore)
0 (integer)
flac3d>
flac3d>; --- map large in-situ stress (NEW 260529-method large init) onto rock ---
flac3d>[ReadFile_ss('large_stress_coarse.dat')]
ReadFile_ss: data rows = 2582
ReadFile_ss: parsed 2582 rows
0 (integer)
flac3d>[MapStress_IDW(40.0)]
MapStress_IDW: mapped onto 1433466 zones rock+lining (radius 40)
0 (integer)
flac3d>[io.out('SI-2 large in-situ stress IDW-mapped onto rock')]
SI-2 large in-situ stress IDW-mapped onto rock
0 (integer)
flac3d>
flac3d>; --- gravity + box-face velocity fix (position-range, proven) ---
flac3d>model gravity 0 0 [-grav]
--- Gravity has been set to: ( 0.0e+00 0.0e+00 -9.8e+00).
flac3d>zone gridpoint fix velocity range position-x 1249 1251
--- Fix velocity         specified in 904 gridpoints.
flac3d>zone gridpoint fix velocity range position-x 1349 1351
--- Fix velocity         specified in 852 gridpoints.
flac3d>zone gridpoint fix velocity range position-y 849 851
--- Fix velocity         specified in 4207 gridpoints.
flac3d>zone gridpoint fix velocity range position-y 949 951
--- Fix velocity         specified in 5398 gridpoints.
flac3d>zone gridpoint fix velocity range position-z 1699 1701
--- Fix velocity         specified in 790 gridpoints.
flac3d>zone gridpoint fix velocity range position-z 1799 1801
--- Fix velocity         specified in 790 gridpoints.
flac3d>
flac3d>; --- FLUID setup: isotropic, W-110, higher perm near bore, bore drainage pp=0 ---
flac3d>geometry import '../00_geometry_water/W-110.stl'
--- 4549 nodes, 13434 edges, and 8886 polygons added to geometry set W-110.
flac3d>geometry import '../02_SmallModel/tunnel_inner.stl'
--- 15140 nodes, 45414 edges, and 30276 polygons added to geometry set tunnel_inner.
flac3d>zone fluid cmodel assign isotropic range group 'rock' slot 'mat'
--- Fluid model changed to isotropic in 1098455 zones.
flac3d>zone fluid property permeability [pmb] porosity [poro]
--- Property permeability set in 1098455 zones using the Isotropic model.
--- Property porosity set in 1098455 zones using the Isotropic model.
flac3d>zone fluid property permeability [pmb*10.0] range geometry-distance 'tunnel_inner' gap 1.0
--- Property permeability set in 314290 zones using the Isotropic model.
flac3d>zone gridpoint initialize fluid-modulus 2e9
--- fluid-modulus modified in 206341 gridpoints.
flac3d>zone initialize fluid-density [rho_w]
--- fluid-density modified in 1098455 zones.
flac3d>zone water density [rho_w]
flac3d>zone gridpoint initialize pore-pressure 0
--- pore-pressure modified in 206341 gridpoints.
flac3d>zone water set 'W-110'
flac3d>zone gridpoint initialize saturation 1
--- saturation modified in 206341 gridpoints.
flac3d>zone gridpoint initialize saturation 0 range geometry-space 'W-110' count 0 direction (0,0,1)
--- saturation modified in 204199 gridpoints.
flac3d>zone gridpoint initialize pore-pressure 0 range geometry-distance 'tunnel_inner' gap 1.0
--- pore-pressure modified in 68483 gridpoints.
flac3d>zone gridpoint fix pore-pressure range group 'East' or 'West' or 'North' or 'South' or 'Top' or 'Bottom'
--- Fix pore-pressure -ppressure specified in 7278 gridpoints.
flac3d>fish define _ppr(tag)
   Def>    local a=1e30
   Def>    local b=-1e30
   Def>    loop foreach local z zone.list
   Def>        if zone.model(z) # 'null' then
   Def>            local p = zone.pp(z)
   Def>            if p<a then
   Def>                a=p
   Def>            end_if
   Def>            if p>b then
   Def>                b=p
   Def>            end_if
   Def>        end_if
   Def>    end_loop
   Def>    io.out('SI-ppr '+tag+' pore-pressure ['+string(a)+','+string(b)+']')
   Def>end
flac3d>[_ppr('after-set')]
SI-ppr after-set pore-pressure [0,388382]
0 (integer)
flac3d>[io.out('SI-3 fluid + W-110 + bore drainage set')]
SI-3 fluid + W-110 + bore drainage set
0 (integer)
flac3d>
flac3d>; --- FLUID steady-state solve (mech/creep off) ---
flac3d>model mechanical active off
--- Process mechanical deactivated.
flac3d>model creep active off
--- Process creep deactivated.
flac3d>model fluid active on
--- Process fluid activated.
flac3d>model solve ratio-flow 1e-4 or cycles 20000
    Cycle      Total    Timestep Ratio-flow       Clock
--------- ---------- ----------- ---------- ----------- 
    20000      20000 2.83588E-11 1.4604e+00 00:00:28:55     20000                        1.0000e-04             
--- Global cycle limit of 20000 met.
--- Cycling ended at: 2026-07-02 14:28:48
flac3d>[_ppr('after-fluid-solve')]
SI-ppr after-fluid-solve pore-pressure [0,388382]
0 (integer)
flac3d>[io.out('SI-4 fluid steady-state solved')]
SI-4 fluid steady-state solved
0 (integer)
flac3d>
flac3d>; === STAGE A: bare-rock relaxation (fluid off, MC, solve ratio 1e-5) ===
flac3d>model fluid active off
--- Process fluid deactivated.
flac3d>model mechanical active on
--- Process mechanical activated.
flac3d>model creep active off
--- Process creep deactivated.
flac3d>zone gridpoint initialize fluid-modulus 0
--- fluid-modulus modified in 206341 gridpoints.
**********************************************
* Logging started at 秅 る 2 14:37:49 2026
* By flac3d Version 6.00 Release 069
* 
* 
* Job Title: 
**********************************************
flac3d>model restore '../02_SmallModel/Small_Model'
********************************************
Save file created by FLAC3D 6.00.69.0
on 秅 せる 23 09:43:34 2026
Total Cycles: 0  Super Cycles: 0
Title: Alishan #46 SMALL near-field -- CONFORMAL rock(6-layer)+lining ring, Route C
Customer: 
        : 
********************************************
flac3d>call 'parameter.f3dat'
flac3d>; ============================================================================
flac3d>; parameter.f3dat -- Alishan #46 UNIFIED material parameters (Wade-ruled, 2026-06-22)
flac3d>; Large(4-layer) / Small(6-layer) rock + lining(D7) + coupled PFC(D7 calib).
flac3d>;
flac3d>; Unification rulings (Wade):
flac3d>;   * nu = 0.25 single value (static MC + creep bulk same source).
flac3d>;   * E is PER-LAYER (not uniform): lithology-based within Hoek-Diederichs
flac3d>;     rock-mass range (sandstone 3-8, sandshale 1-3 GPa; colluvium/weathered soft).
flac3d>;     -> GSI/E have NO field data: per-layer E are documented-range central
flac3d>;        judgements, GSI-basis TODO (D3). c/phi are GSI-reduced placeholders.
flac3d>;   * Burgers creep: shear-maxwell = shear-kelvin = the layer ELASTIC G,
flac3d>;     bulk = the layer elastic K  (instantaneous static==creep, no spurious soften).
flac3d>;   * viscosity-maxwell eta_m = 6.0e15 Pa.s ; viscosity-kelvin eta_k = 2.4e13 Pa.s.
flac3d>;   * creep threshold ratio = 0.6 :  q_th = 0.6*(c*cos(phi)+p'*sin(phi)).
flac3d>;   * creep timestep = 600 s (fixed).
flac3d>;   * layer4 sandshale(WET): c = 100 kPa, phi = 30 deg (Wade).
flac3d>; Units: SI (Pa, kg/m3, deg, m, Pa.s).  Sign: compression negative.
flac3d>; ============================================================================
flac3d>
flac3d>; ---------- global / environment ----------
flac3d>[global nu     = 0.25]            ; single Poisson, all rock layers
flac3d>[global K0     = 0.7]             ; lateral stress ratio (placeholder, no field basis)
flac3d>[global grav   = 9.81]            ; m/s2
flac3d>[global poro   = 0.1]             ; porosity n
flac3d>[global satr   = 0.1]             ; saturation S
flac3d>[global rho_w  = 1000.0]          ; water density kg/m3
flac3d>[global pmb    = 1.0e-5]          ; FLAC mobility coeff m2/(Pa.s); near-tunnel x100
flac3d>[global ten_r  = 1.0e5]           ; rock tension cutoff 100 kPa (all layers)
flac3d>
flac3d>; ---------- elastic helpers (nu=0.25 -> G=E/2.5, K=E/1.5) ----------
flac3d>fish define _gk(ee)
   Def>    _gk = ee / (2.0*(1.0+nu))     ; shear  G
   Def>end
flac3d>fish define _bk(ee)
   Def>    _bk = ee / (3.0*(1.0-2.0*nu)) ; bulk   K
   Def>end
flac3d>
flac3d>; ====================== LARGE model : 4 layers ======================
flac3d>; layer1 colluvium / layer2 ssh / layer3 bedrock / layer4 basement
flac3d>[global E_L_1 = 0.5e9 ]
flac3d>[global co_L_1 = 1.9e5]
flac3d>[global fr_L_1 = 29.1]
flac3d>[global den_L_1 = 2150.0]
flac3d>[global E_L_2 = 2.0e9 ]
flac3d>[global co_L_2 = 2.9e5]
flac3d>[global fr_L_2 = 35.1]
flac3d>[global den_L_2 = 2630.0]
flac3d>[global E_L_3 = 5.0e9 ]
flac3d>[global co_L_3 = 4.7e5]
flac3d>[global fr_L_3 = 44.3]
flac3d>[global den_L_3 = 2600.0]
flac3d>[global E_L_4 = 7.0e9 ]
flac3d>[global co_L_4 = 8.0e5]
flac3d>[global fr_L_4 = 51.5]
flac3d>[global den_L_4 = 2600.0]
flac3d>
flac3d>; ====================== SMALL model : 6 layers ======================
flac3d>; l1 weathered-ss / l2 ss+sandshale / l3 ss+shale / l4 sandshale(WET) / l5 sandshale / l6 basement
flac3d>[global E_S_1 = 1.0e9 ]
flac3d>[global co_S_1 = 1.9e5 ]
flac3d>[global fr_S_1 = 29.1]
flac3d>[global den_S_1 = 2600.0]
flac3d>[global E_S_2 = 2.0e9 ]
flac3d>[global co_S_2 = 2.9e5 ]
flac3d>[global fr_S_2 = 35.1]
flac3d>[global den_S_2 = 2630.0]
flac3d>[global E_S_3 = 3.5e9 ]
flac3d>[global co_S_3 = 4.7e5 ]
flac3d>[global fr_S_3 = 44.3]
flac3d>[global den_S_3 = 2630.0]
flac3d>[global E_S_4 = 1.5e9 ]
flac3d>[global co_S_4 = 1.0e5 ]   ; WET, Wade c100/phi30
flac3d>[global fr_S_4 = 30.0]
flac3d>[global den_S_4 = 2630.0]
flac3d>[global E_S_5 = 3.0e9 ]
flac3d>[global co_S_5 = 8.0e5 ]
flac3d>[global fr_S_5 = 51.5]
flac3d>[global den_S_5 = 2630.0]
flac3d>[global E_S_6 = 7.0e9 ]
flac3d>[global co_S_6 = 20.6e5]
flac3d>[global fr_S_6 = 56.3]
flac3d>[global den_S_6 = 2600.0]
flac3d>
flac3d>; ---------- creep (Burgers-Mohr) : per-layer G_m=G_k=G(E,nu), bulk=K(E,nu) ----------
flac3d>[global eta_m = 6.0e15]           ; viscosity-maxwell (Wade)
flac3d>[global eta_k = 2.4e13]           ; viscosity-kelvin (proven)
flac3d>[global crp_threshold = 0.6]      ; q_th = 0.6*(c*cosphi + p'*sinphi)
flac3d>[global crp_dt = 600.0]           ; creep timestep (s) (Wade)
flac3d>
flac3d>; ---------- lining (R.C. continuum, D7 DECIDED) ----------
flac3d>[global shot_E   = 25e9]
flac3d>[global shot_v   = 0.2]
flac3d>[global shot_t   = 0.40]
flac3d>[global shot_den = 2400.0]
flac3d>[global shot_fc  = 41.2e6]
flac3d>[global shot_ft  = 4.12e6]
flac3d>
flac3d>; ---------- coupled PFC lining BPM micro (D7 FINAL_CALIB) ----------
flac3d>[global pfc_emod    = 9.65e9]     ; linear deformability
flac3d>[global pfc_kratio  = 1.0]
flac3d>[global pfc_pb_emod = 5.88e9]     ; parallel-bond deformability
flac3d>[global pfc_pb_krat = 0.6]
flac3d>[global pfc_pb_ten  = 2.10e6]     ; Pa
flac3d>[global pfc_pb_coh  = 2.30e7]     ; Pa
flac3d>[global pfc_pb_fa   = 25.0]       ; deg
flac3d>[global pfc_bondgap = 0.03]       ; m  (= cmat proximity)
flac3d>[global pfc_ball_den  = 2400.0]
flac3d>[global pfc_ball_damp = 0.7]
flac3d>[global pfc_fric      = 0.5]
flac3d>[global pfc_bf_strong = 1.0e20]   ; ball-facet pb (unbreakable coupling, NOT material)
flac3d>
flac3d>[io.out('=== parameter.f3dat loaded : nu='+string(nu)+' K0='+string(K0)+' eta_m='+string(eta_m)+' crp_dt='+string(crp_dt)+' ===')]
=== parameter.f3dat loaded : nu=0.25 K0=0.7 eta_m=6e+15 crp_dt=600 ===
flac3d>call 'idw_map.f3dat'
flac3d>; idw_map.f3dat -- submodel stress transfer (reused from proven G:/260529 io_stress).
flac3d>; ReadFile_ss(fname): load parent zone-stress export into global arrays.
flac3d>; MapStress_IDW(radius): inverse-distance-weighted map onto ALL target zones
flac3d>;   (rock + lining).  Wade 2026-06-22: the conformal lining shares nodes with the
flac3d>;   rock, so it is initialized to the same in-situ field (true wished-in-place,
flac3d>;   continuous interface at t=0, no internal force jump).
flac3d>fish automatic-create off
flac3d>
flac3d>[global ss_ndata = 1]
flac3d>[global ss_xdat = array.create(1)]
flac3d>[global ss_ydat = array.create(1)]
flac3d>[global ss_zdat = array.create(1)]
flac3d>[global sxxdat = array.create(1)]
flac3d>[global syydat = array.create(1)]
flac3d>[global szzdat = array.create(1)]
flac3d>[global sxydat = array.create(1)]
flac3d>[global sxzdat = array.create(1)]
flac3d>[global syzdat = array.create(1)]
flac3d>
flac3d>def ReadFile_ss(fname)
   Def>    local arr = array.create(1)
   Def>    ss_ndata = 0
   Def>    local stat = file.close
   Def>    stat = file.open(fname,0,1)
   Def>    if stat # 0 then
   Def>        io.out('ReadFile_ss: file.open failed status='+string(stat))
   Def>        exit
   Def>    endif
   Def>    stat = file.read(arr,1)            ; header
   Def>    stat = file.read(arr,1)            ; first data row
   Def>    loop while stat = 0
   Def>        ss_ndata = ss_ndata + 1
   Def>        stat = file.read(arr,1)
   Def>    endloop
   Def>    stat = file.close
   Def>    io.out('ReadFile_ss: data rows = '+string(ss_ndata))
   Def>    if ss_ndata <= 0 then
   Def>        exit
   Def>    endif
   Def>    ss_xdat = array.create(ss_ndata)
   Def>    ss_ydat = array.create(ss_ndata)
   Def>    ss_zdat = array.create(ss_ndata)
   Def>    sxxdat = array.create(ss_ndata)
   Def>    syydat = array.create(ss_ndata)
   Def>    szzdat = array.create(ss_ndata)
   Def>    sxydat = array.create(ss_ndata)
   Def>    sxzdat = array.create(ss_ndata)
   Def>    syzdat = array.create(ss_ndata)
   Def>    stat = file.open(fname,0,1)
   Def>    stat = file.read(arr,1)            ; skip header
   Def>    local i = 0
   Def>    stat = file.read(arr,1)
   Def>    loop while stat = 0
   Def>        i = i + 1
   Def>        local line = arr(1)
   Def>        ss_xdat(i) = string.token(line,2)
   Def>        ss_ydat(i) = string.token(line,3)
   Def>        ss_zdat(i) = string.token(line,4)
   Def>        sxxdat(i) = string.token(line,5)
   Def>        syydat(i) = string.token(line,6)
   Def>        szzdat(i) = string.token(line,7)
   Def>        sxydat(i) = string.token(line,8)
   Def>        sxzdat(i) = string.token(line,9)
   Def>        syzdat(i) = string.token(line,10)
   Def>        stat = file.read(arr,1)
   Def>    endloop
   Def>    stat = file.close
   Def>    io.out('ReadFile_ss: parsed '+string(i)+' rows')
   Def>end
flac3d>
flac3d>def MapStress_IDW(search_radius)
   Def>    local nmap = 0
   Def>    loop foreach local iz zone.list
   Def>        if zone.id(iz) > 0 then            ; ALL zones (rock + lining) -- wished-in-place
   Def>            local x = zone.pos.x(iz)
   Def>            local y = zone.pos.y(iz)
   Def>            local z = zone.pos.z(iz)
   Def>            local sum_w = 0.0
   Def>            local s_xx = 0.0
   Def>            local s_yy = 0.0
   Def>            local s_zz = 0.0
   Def>            local s_xy = 0.0
   Def>            local s_xz = 0.0
   Def>            local s_yz = 0.0
   Def>            local dmin = 1.0e30
   Def>            local inear = 1
   Def>            local i = 1
   Def>            loop while i <= ss_ndata
   Def>                local dx = math.abs(x - ss_xdat(i))
   Def>                if dx <= search_radius then
   Def>                    local dy = math.abs(y - ss_ydat(i))
   Def>                    if dy <= search_radius then
   Def>                        local dz = math.abs(z - ss_zdat(i))
   Def>                        if dz <= search_radius then
   Def>                            local d2 = dx*dx + dy*dy + dz*dz
   Def>                            if d2 <= (search_radius*search_radius) then
   Def>                                if d2 < dmin then
   Def>                                    dmin = d2
   Def>                                    inear = i
   Def>                                endif
   Def>                                local w = 1.0 / math.max(d2,1e-10)
   Def>                                sum_w = sum_w + w
   Def>                                s_xx = s_xx + sxxdat(i)*w
   Def>                                s_yy = s_yy + syydat(i)*w
   Def>                                s_zz = s_zz + szzdat(i)*w
   Def>                                s_xy = s_xy + sxydat(i)*w
   Def>                                s_xz = s_xz + sxzdat(i)*w
   Def>                                s_yz = s_yz + syzdat(i)*w
   Def>                            endif
   Def>                        endif
   Def>                    endif
   Def>                endif
   Def>                i = i + 1
   Def>            endloop
   Def>            if sum_w > 0.0 then
   Def>                zone.stress.xx(iz) = s_xx / sum_w
   Def>                zone.stress.yy(iz) = s_yy / sum_w
   Def>                zone.stress.zz(iz) = s_zz / sum_w
   Def>                zone.stress.xy(iz) = s_xy / sum_w
   Def>                zone.stress.xz(iz) = s_xz / sum_w
   Def>                zone.stress.yz(iz) = s_yz / sum_w
   Def>            else
   Def>                i = 1
   Def>                loop while i <= ss_ndata
   Def>                    local d2b = (x-ss_xdat(i))^2 + (y-ss_ydat(i))^2 + (z-ss_zdat(i))^2
   Def>                    if d2b < dmin then
   Def>                        dmin = d2b
   Def>                        inear = i
   Def>                    endif
   Def>                    i = i + 1
   Def>                endloop
   Def>                zone.stress.xx(iz) = sxxdat(inear)
   Def>                zone.stress.yy(iz) = syydat(inear)
   Def>                zone.stress.zz(iz) = szzdat(inear)
   Def>                zone.stress.xy(iz) = sxydat(inear)
   Def>                zone.stress.xz(iz) = sxzdat(inear)
   Def>                zone.stress.yz(iz) = syzdat(inear)
   Def>            endif
   Def>            nmap = nmap + 1
   Def>        endif
   Def>    endloop
   Def>    io.out('MapStress_IDW: mapped onto '+string(nmap)+' zones rock+lining (radius '+string(search_radius)+')')
   Def>end
flac3d>model configure fluid
--- Process fluid configured
flac3d>model configure creep
--- Process creep configured
flac3d>model largestrain off
flac3d>
flac3d>; --- boundary face groups (skin) for fluid pore-pressure BC ---
flac3d>zone face skin
--- 111664 surface faces assigned names in slot Skin.
flac3d>[io.out('SI-0 restored + skinned; zones='+string(zone.num)+' gps='+string(gp.num))]
SI-0 restored + skinned; zones=1433466 gps=269452
flac3d>
flac3d>; --- 6-layer rock Mohr-Coulomb (Tunnel_TX per-layer params) ---
flac3d>zone cmodel assign mohr-coulomb range group 'rock' slot 'mat'
flac3d>zone property young [E_S_1] poisson [nu] cohesion [co_S_1] friction [fr_S_1] tension [ten_r] range group 'layer1' slot 'type'
--- Property young set in 20346 zones using the mohr-coulomb model.
--- Property poisson set in 20346 zones using the mohr-coulomb model.
--- Property cohesion set in 20346 zones using the mohr-coulomb model.
--- Property friction set in 20346 zones using the mohr-coulomb model.
--- Property tension set in 20346 zones using the mohr-coulomb model.
flac3d>zone property young [E_S_2] poisson [nu] cohesion [co_S_2] friction [fr_S_2] tension [ten_r] range group 'layer2' slot 'type'
--- Property young set in 23503 zones using the mohr-coulomb model.
--- Property poisson set in 23503 zones using the mohr-coulomb model.
--- Property cohesion set in 23503 zones using the mohr-coulomb model.
--- Property friction set in 23503 zones using the mohr-coulomb model.
--- Property tension set in 23503 zones using the mohr-coulomb model.
flac3d>zone property young [E_S_3] poisson [nu] cohesion [co_S_3] friction [fr_S_3] tension [ten_r] range group 'layer3' slot 'type'
--- Property young set in 151327 zones using the mohr-coulomb model.
--- Property poisson set in 151327 zones using the mohr-coulomb model.
--- Property cohesion set in 151327 zones using the mohr-coulomb model.
--- Property friction set in 151327 zones using the mohr-coulomb model.
--- Property tension set in 151327 zones using the mohr-coulomb model.
flac3d>zone property young [E_S_4] poisson [nu] cohesion [co_S_4] friction [fr_S_4] tension [ten_r] range group 'layer4' slot 'type'
--- Property young set in 618771 zones using the mohr-coulomb model.
--- Property poisson set in 618771 zones using the mohr-coulomb model.
--- Property cohesion set in 618771 zones using the mohr-coulomb model.
--- Property friction set in 618771 zones using the mohr-coulomb model.
--- Property tension set in 618771 zones using the mohr-coulomb model.
flac3d>zone property young [E_S_5] poisson [nu] cohesion [co_S_5] friction [fr_S_5] tension [ten_r] range group 'layer5' slot 'type'
--- Property young set in 255448 zones using the mohr-coulomb model.
--- Property poisson set in 255448 zones using the mohr-coulomb model.
--- Property cohesion set in 255448 zones using the mohr-coulomb model.
--- Property friction set in 255448 zones using the mohr-coulomb model.
--- Property tension set in 255448 zones using the mohr-coulomb model.
flac3d>zone property young [E_S_6] poisson [nu] cohesion [co_S_6] friction [fr_S_6] tension [ten_r] range group 'layer6' slot 'type'
--- Property young set in 29060 zones using the mohr-coulomb model.
--- Property poisson set in 29060 zones using the mohr-coulomb model.
--- Property cohesion set in 29060 zones using the mohr-coulomb model.
--- Property friction set in 29060 zones using the mohr-coulomb model.
--- Property tension set in 29060 zones using the mohr-coulomb model.
flac3d>zone initialize density [den_S_1] range group 'layer1' slot 'type'
--- density modified in 20346 zones.
flac3d>zone initialize density [den_S_2] range group 'layer2' slot 'type'
--- density modified in 23503 zones.
flac3d>zone initialize density [den_S_3] range group 'layer3' slot 'type'
--- density modified in 151327 zones.
flac3d>zone initialize density [den_S_4] range group 'layer4' slot 'type'
--- density modified in 618771 zones.
flac3d>zone initialize density [den_S_5] range group 'layer5' slot 'type'
--- density modified in 255448 zones.
flac3d>zone initialize density [den_S_6] range group 'layer6' slot 'type'
--- density modified in 29060 zones.
flac3d>
flac3d>; --- Wade: NULL the lining zone FIRST (bare bore for two-stage relax->support) ---
flac3d>zone cmodel assign null range group 'lining' slot 'type'
flac3d>[io.out('SI-1 lining nulled (bare bore)')]
SI-1 lining nulled (bare bore)
0 (integer)
flac3d>
flac3d>; --- map large in-situ stress (NEW 260529-method large init) onto rock ---
flac3d>[ReadFile_ss('large_stress_coarse.dat')]
ReadFile_ss: data rows = 2582
ReadFile_ss: parsed 2582 rows
0 (integer)
flac3d>[MapStress_IDW(40.0)]
MapStress_IDW: mapped onto 1433466 zones rock+lining (radius 40)
0 (integer)
flac3d>[io.out('SI-2 large in-situ stress IDW-mapped onto rock')]
SI-2 large in-situ stress IDW-mapped onto rock
0 (integer)
flac3d>
flac3d>; --- gravity + box-face velocity fix (position-range, proven) ---
flac3d>model gravity 0 0 [-grav]
--- Gravity has been set to: ( 0.0e+00 0.0e+00 -9.8e+00).
flac3d>zone gridpoint fix velocity range position-x 1249 1251
--- Fix velocity         specified in 904 gridpoints.
flac3d>zone gridpoint fix velocity range position-x 1349 1351
--- Fix velocity         specified in 852 gridpoints.
flac3d>zone gridpoint fix velocity range position-y 849 851
--- Fix velocity         specified in 4207 gridpoints.
flac3d>zone gridpoint fix velocity range position-y 949 951
--- Fix velocity         specified in 5398 gridpoints.
flac3d>zone gridpoint fix velocity range position-z 1699 1701
--- Fix velocity         specified in 790 gridpoints.
flac3d>zone gridpoint fix velocity range position-z 1799 1801
--- Fix velocity         specified in 790 gridpoints.
flac3d>
flac3d>; --- FLUID setup: isotropic, W-110, higher perm near bore, bore drainage pp=0 ---
flac3d>geometry import '../00_geometry_water/W-110.stl'
--- 4549 nodes, 13434 edges, and 8886 polygons added to geometry set W-110.
flac3d>geometry import '../02_SmallModel/tunnel_inner.stl'
--- 15140 nodes, 45414 edges, and 30276 polygons added to geometry set tunnel_inner.
flac3d>zone fluid cmodel assign isotropic range group 'rock' slot 'mat'
--- Fluid model changed to isotropic in 1098455 zones.
flac3d>zone fluid property permeability [pmb] porosity [poro]
--- Property permeability set in 1098455 zones using the Isotropic model.
--- Property porosity set in 1098455 zones using the Isotropic model.
flac3d>zone fluid property permeability [pmb*10.0] range geometry-distance 'tunnel_inner' gap 1.0
--- Property permeability set in 314290 zones using the Isotropic model.
flac3d>zone gridpoint initialize fluid-modulus 2e9
--- fluid-modulus modified in 206341 gridpoints.
flac3d>zone initialize fluid-density [rho_w]
--- fluid-density modified in 1098455 zones.
flac3d>zone water density [rho_w]
flac3d>zone gridpoint initialize pore-pressure 0
--- pore-pressure modified in 206341 gridpoints.
flac3d>zone water set 'W-110'
flac3d>zone gridpoint initialize saturation 1
--- saturation modified in 206341 gridpoints.
flac3d>zone gridpoint initialize saturation 0 range geometry-space 'W-110' count 0 direction (0,0,1)
--- saturation modified in 204199 gridpoints.
flac3d>zone gridpoint initialize pore-pressure 0 range geometry-distance 'tunnel_inner' gap 1.0
--- pore-pressure modified in 68483 gridpoints.
flac3d>zone gridpoint fix pore-pressure range group 'East' or 'West' or 'North' or 'South' or 'Top' or 'Bottom'
--- Fix pore-pressure -ppressure specified in 7278 gridpoints.
flac3d>fish define _ppr(tag)
   Def>    local a=1e30
   Def>    local b=-1e30
   Def>    loop foreach local z zone.list
   Def>        if zone.model(z) # 'null' then
   Def>            local p = zone.pp(z)
   Def>            if p<a then
   Def>                a=p
   Def>            end_if
   Def>            if p>b then
   Def>                b=p
   Def>            end_if
   Def>        end_if
   Def>    end_loop
   Def>    io.out('SI-ppr '+tag+' pore-pressure ['+string(a)+','+string(b)+']')
   Def>end
flac3d>[_ppr('after-set')]
SI-ppr after-set pore-pressure [0,388382]
0 (integer)
flac3d>[io.out('SI-3 fluid + W-110 + bore drainage set')]
SI-3 fluid + W-110 + bore drainage set
0 (integer)
flac3d>
flac3d>; --- FLUID steady-state solve (mech/creep off) ---
flac3d>model mechanical active off
--- Process mechanical deactivated.
flac3d>model creep active off
--- Process creep deactivated.
flac3d>model fluid active on
--- Process fluid activated.
flac3d>model solve ratio-flow 1e-4 or cycles 20000
    Cycle      Total    Timestep Ratio-flow       Clock
--------- ---------- ----------- ---------- ----------- 
    20000      20000 2.83588E-11 1.4604e+00 00:00:28:35     20000                        1.0000e-04             
--- Global cycle limit of 20000 met.
--- Cycling ended at: 2026-07-02 15:29:55
flac3d>[_ppr('after-fluid-solve')]
SI-ppr after-fluid-solve pore-pressure [0,388382]
0 (integer)
flac3d>model save 'Small_fld'
--- Model saved to file C:/Users/Wade/Desktop/Tunnel_TX/04_InitialBalance/Small_fld.f3sav.
flac3d>[io.out('SI-4 fluid steady-state solved (saved Small_fld)')]
SI-4 fluid steady-state solved (saved Small_fld)
0 (integer)
flac3d>
flac3d>; === STAGE A: bare-rock relaxation (fluid off, MC, solve ratio 1e-4) ===
flac3d>; Wade: 瑁稿博楝嗗舵 1e-4 灏卞彲涓shell (don't chase 1e-5 -> plastic flow stalls it).
flac3d>model fluid active off
--- Process fluid deactivated.
flac3d>model mechanical active on
--- Process mechanical activated.
flac3d>model creep active off
--- Process creep deactivated.
flac3d>zone gridpoint initialize fluid-modulus 0
--- fluid-modulus modified in 206341 gridpoints.
flac3d>model solve ratio 1e-4 or cycles 50000
    Cycle      Total Mech Ratio       Clock
--------- ---------- ---------- ----------- 
     1363      21363 9.9830e-05 00:00:04:49     50000            1.0000e-04             
--- Limit ratio of 1.0000e-04 met in process(es): mech Zone Main (9.9830e-05),mech Struct Main (9.9830e-05).
--- Cycling ended at: 2026-07-02 15:34:53
flac3d>[io.out('SI-5 bare-rock relaxed (MC solve ratio 1e-4)')]
SI-5 bare-rock relaxed (MC solve ratio 1e-4)
0 (integer)
flac3d>
flac3d>; === STAGE B: install ELASTIC dkt-csth shell on bore wall + solve ratio 1e-5 ===
flac3d>; position band 1250.5..1349.5 etc = interior only (box planes at 1250/1350/...
flac3d>structure shell create by-face element-type=dkt-csth range group 'rock' slot 'mat' position-x 1250.5 1349.5 position-y 850.05 949.95 position-z 1700.5 1799.5
--- 69828 elements, 35025 nodes, and 35025 links created.
flac3d>structure shell property isotropic ([shot_E], [shot_v]) thickness [shot_t] density [shot_den]
--- Property isotropic set to 2.5e+10,0.2 in 69828 shell elements.
--- Property thickness set to 0.4 in 69828 shell elements.
--- Property density set to 2400 in 69828 shell elements.
flac3d>[io.out('SI-6 shell created; shells='+string(struct.num))]
SI-6 shell created; shells=69828
flac3d>model solve ratio 1e-5 or cycles 40000
    Cycle      Total Mech Ratio       Clock
--------- ---------- ---------- ----------- 
     1915      23278 9.9939e-06 00:00:09:00     40000            1.0000e-05             
--- Limit ratio of 1.0000e-05 met in process(es): mech Zone Main (9.9939e-06),mech Struct Main (9.9939e-06).
--- Cycling ended at: 2026-07-02 15:44:01
flac3d>[io.out('SI-7 shell-support solved (MC solve ratio 1e-5)')]
SI-7 shell-support solved (MC solve ratio 1e-5)
0 (integer)
flac3d>
flac3d>; --- report shell stress at install (must be well below yield fc=41.2MPa) ---
flac3d>fish define _shell_report
   Def>    command
   Def>        structure shell recover surface (0,1,0)
   Def>        structure shell recover stress depth-factor 0
   Def>    endcommand
   Def>    local mc = 0.0
   Def>    local mt = 0.0
   Def>    loop foreach local s struct.list
   Def>        if struct.type(s) = 'shell' then
   Def>            loop local k (0,3)
   Def>                local smn = struct.shell.stress.prin.x(s,k)
   Def>                local smx = struct.shell.stress.prin.z(s,k)
   Def>                if -smn > mc then
   Def>                    mc = -smn
   Def>                end_if
   Def>                if smx > mt then
   Def>                    mt = smx
   Def>                end_if
   Def>            end_loop
   Def>        end_if
   Def>    end_loop
   Def>    io.out('SI-shell install max_comp='+string(mc/1e6)+'MPa max_tension='+string(mt/1e6)+'MPa (cap fc=41.2/ft=4.12)')
   Def>end
flac3d>[_shell_report]
flac3d>structure shell recover surface (0,1,0)
flac3d>structure shell recover stress depth-factor 0
SI-shell install max_comp=0.257598MPa max_tension=0.173886MPa (cap fc=41.2/ft=4.12)
0 (integer)
flac3d>
flac3d>; --- datum (260529: zero displacement at day0) + save ---
flac3d>zone gridpoint initialize velocity 0 0 0
--- velocity modified in 206341 gridpoints.
flac3d>zone gridpoint initialize displacement 0 0 0
--- displacement modified in 206341 gridpoints.
flac3d>model save 'Small_Initial'
--- Model saved to file C:/Users/Wade/Desktop/Tunnel_TX/04_InitialBalance/Small_Initial.f3sav.
flac3d>[io.out('SI-8 saved Small_Initial (260529-method + null-lining + 2-stage elastic shell)')]
SI-8 saved Small_Initial (260529-method + null-lining + 2-stage elastic shell)
0 (integer)
flac3d>program log off
**********************************************
* Logging ended at 秅 る 2 15:44:11 2026
**********************************************
