**********************************************
* Logging started at ¶g¤­ ¤C¤ë 3 14:19:20 2026
* By flac3d Version 6.00 Release 069
* 
* 
* Job Title: 
**********************************************
flac3d>program load module 'pfc'
flac3d>program load module 'contact'
--- module3d plugin ContactModule3D loaded.
--- module3d plugin PFC3D loaded.
flac3d>program load module 'wallzone'
--- module3d plugin WallZone3D loaded.
flac3d>
flac3d>; ---- (1) restore clean base + parameters ----
flac3d>model restore '../../../03_CoupleModel/output/Couple_Model'
********************************************
Save file created by FLAC3D 6.00.69.0
on ¶g¤T ¤»¤ë 24 14:33:54 2026
Total Cycles: 0  Super Cycles: 0
Title: Alishan #46 COUPLED mb3 -- structured hex rock(40x40, L2..6) + PFC lining
Customer: 
        : 
********************************************
flac3d>call '../../parameter.f3dat'
flac3d>; ============================================================================
flac3d>; parameter.f3dat -- Alishan #46 UNIFIED material parameters (Wade-ruled, 2026-06-22)
flac3d>; Large(4-layer) / Small(6-layer) rock + lining(D7) + coupled PFC(D7 calib).
flac3d>;
flac3d>; Unification rulings (Wade):
flac3d>;   * nu = 0.25 single value (static MC + creep bulk same source).
flac3d>;   * E is PER-LAYER (not uniform): lithology-based within Hoek-Diederichs
flac3d>;     rock-mass range (sandstone 3-8, sandshale 1-3 GPa; colluvium/weathered soft).
flac3d>;     -> GSI/E have NO field data: per-layer E are documented-range central
flac3d>;        judgements, GSI-basis TODO (D3). c/phi are GSI-reduced placeholders.
flac3d>;   * Burgers creep: shear-maxwell = shear-kelvin = the layer ELASTIC G,
flac3d>;     bulk = the layer elastic K  (instantaneous static==creep, no spurious soften).
flac3d>;   * viscosity-maxwell eta_m = 6.0e15 Pa.s ; viscosity-kelvin eta_k = 2.4e13 Pa.s.
flac3d>;   * creep threshold ratio = 0.6 :  q_th = 0.6*(c*cos(phi)+p'*sin(phi)).
flac3d>;   * creep timestep = 600 s (fixed).
flac3d>;   * layer4 sandshale(WET): c = 100 kPa, phi = 30 deg (Wade).
flac3d>; Units: SI (Pa, kg/m3, deg, m, Pa.s).  Sign: compression negative.
flac3d>; ============================================================================
flac3d>
flac3d>; ---------- global / environment ----------
flac3d>[global nu     = 0.25]            ; single Poisson, all rock layers
flac3d>[global K0     = 0.7]             ; lateral stress ratio (placeholder, no field basis)
flac3d>[global grav   = 9.81]            ; m/s2
flac3d>[global poro   = 0.1]             ; porosity n
flac3d>[global satr   = 0.1]             ; saturation S
flac3d>[global rho_w  = 1000.0]          ; water density kg/m3
flac3d>[global pmb    = 1.0e-5]          ; FLAC mobility coeff m2/(Pa.s); near-tunnel x100
flac3d>[global ten_r  = 1.0e5]           ; rock tension cutoff 100 kPa (all layers)
flac3d>
flac3d>; ---------- elastic helpers (nu=0.25 -> G=E/2.5, K=E/1.5) ----------
flac3d>fish define _gk(ee)
   Def>    _gk = ee / (2.0*(1.0+nu))     ; shear  G
   Def>end
flac3d>fish define _bk(ee)
   Def>    _bk = ee / (3.0*(1.0-2.0*nu)) ; bulk   K
   Def>end
flac3d>
flac3d>; ====================== LARGE model : 4 layers ======================
flac3d>; layer1 colluvium / layer2 ssh / layer3 bedrock / layer4 basement
flac3d>[global E_L_1 = 0.5e9 ]
flac3d>[global co_L_1 = 1.9e5]
flac3d>[global fr_L_1 = 29.1]
flac3d>[global den_L_1 = 2150.0]
flac3d>[global E_L_2 = 2.0e9 ]
flac3d>[global co_L_2 = 2.9e5]
flac3d>[global fr_L_2 = 35.1]
flac3d>[global den_L_2 = 2630.0]
flac3d>[global E_L_3 = 5.0e9 ]
flac3d>[global co_L_3 = 4.7e5]
flac3d>[global fr_L_3 = 44.3]
flac3d>[global den_L_3 = 2600.0]
flac3d>[global E_L_4 = 7.0e9 ]
flac3d>[global co_L_4 = 8.0e5]
flac3d>[global fr_L_4 = 51.5]
flac3d>[global den_L_4 = 2600.0]
flac3d>
flac3d>; ====================== SMALL model : 6 layers ======================
flac3d>; l1 weathered-ss / l2 ss+sandshale / l3 ss+shale / l4 sandshale(WET) / l5 sandshale / l6 basement
flac3d>[global E_S_1 = 1.0e9 ]
flac3d>[global co_S_1 = 1.9e5 ]
flac3d>[global fr_S_1 = 29.1]
flac3d>[global den_S_1 = 2600.0]
flac3d>[global E_S_2 = 2.0e9 ]
flac3d>[global co_S_2 = 2.9e5 ]
flac3d>[global fr_S_2 = 35.1]
flac3d>[global den_S_2 = 2630.0]
flac3d>[global E_S_3 = 3.5e9 ]
flac3d>[global co_S_3 = 4.7e5 ]
flac3d>[global fr_S_3 = 44.3]
flac3d>[global den_S_3 = 2630.0]
flac3d>[global E_S_4 = 1.5e9 ]
flac3d>[global co_S_4 = 1.0e5 ]   ; WET, Wade c100/phi30
flac3d>[global fr_S_4 = 30.0]
flac3d>[global den_S_4 = 2630.0]
flac3d>[global E_S_5 = 3.0e9 ]
flac3d>[global co_S_5 = 8.0e5 ]
flac3d>[global fr_S_5 = 51.5]
flac3d>[global den_S_5 = 2630.0]
flac3d>[global E_S_6 = 7.0e9 ]
flac3d>[global co_S_6 = 20.6e5]
flac3d>[global fr_S_6 = 56.3]
flac3d>[global den_S_6 = 2600.0]
flac3d>
flac3d>; ---------- creep (Burgers-Mohr) : per-layer G_m=G_k=G(E,nu), bulk=K(E,nu) ----------
flac3d>[global eta_m = 1.2e15]           ; viscosity-maxwell (Wade 2026-07-02: 6e15 -> 1.2e15 = 260529 n_m value)
flac3d>[global eta_k = 2.4e13]           ; viscosity-kelvin (proven)
flac3d>[global crp_threshold = 0.8]      ; q_th = T*(c*cosphi + p'*sinphi). Wade 2026-07-02: T=0.8 UNIFIED
flac3d>                                  ; (all stages, large+small). 0.6 gave 77% active at DRY W-110 ->
flac3d>                                  ; "low-water flat" physically impossible + interior creep runaway.
flac3d>                                  ; 0.8 validated flat-then-onset (track E 06-27).
flac3d>[global crp_dt = 600.0]           ; creep timestep (s) (Wade)
flac3d>
flac3d>; ---------- lining (R.C. continuum, D7 DECIDED) ----------
flac3d>[global shot_E   = 25e9]
flac3d>[global shot_v   = 0.2]
flac3d>[global shot_t   = 0.40]
flac3d>[global shot_den = 2400.0]
flac3d>[global shot_fc  = 41.2e6]
flac3d>[global shot_ft  = 4.12e6]
flac3d>
flac3d>; ---------- coupled PFC lining BPM micro (D7 FINAL_CALIB) ----------
flac3d>[global pfc_emod    = 9.65e9]     ; linear deformability
flac3d>[global pfc_kratio  = 1.0]
flac3d>[global pfc_pb_emod = 5.88e9]     ; parallel-bond deformability
flac3d>[global pfc_pb_krat = 0.6]
flac3d>[global pfc_pb_ten  = 2.10e6]     ; Pa
flac3d>[global pfc_pb_coh  = 2.30e7]     ; Pa
flac3d>[global pfc_pb_fa   = 25.0]       ; deg
flac3d>[global pfc_bondgap = 0.03]       ; m  (= cmat proximity)
flac3d>[global pfc_ball_den  = 2400.0]
flac3d>[global pfc_ball_damp = 0.7]
flac3d>[global pfc_fric      = 0.5]
flac3d>[global pfc_bf_strong = 1.0e20]   ; ball-facet pb (unbreakable coupling, NOT material)
flac3d>
flac3d>[io.out('=== parameter.f3dat loaded : nu='+string(nu)+' K0='+string(K0)+' eta_m='+string(eta_m)+' crp_dt='+string(crp_dt)+' ===')]
=== parameter.f3dat loaded : nu=0.25 K0=0.7 eta_m=1.2e+15 crp_dt=600 ===
flac3d>model largestrain on
flac3d>[global ovb = -1.40e6]
flac3d>[global E_eq  = 2.31e9]
flac3d>[global den_eq = 2630.0]
flac3d>[io.out('V6-0 restored Couple_Model: zones='+string(zone.num)+' balls='+string(ball.num)+' walls='+string(wall.num)+' facets='+string(wall.facet.num))]
V6-0 restored Couple_Model: zones=424908 balls=456302 walls=4 facets=52837
flac3d>
flac3d>; ---- (2) rock = SINGLE equivalent elastic (D2) ----
flac3d>zone cmodel assign elastic
flac3d>zone property young [E_eq] poisson [nu]
--- Property young set in 424908 zones using the elastic model.
--- Property poisson set in 424908 zones using the elastic model.
flac3d>zone initialize density [den_eq]
--- density modified in 424908 zones.
flac3d>[io.out('V6-1 rock single elastic E_eq='+string(E_eq/1e9)+'GPa nu='+string(nu)+' den='+string(den_eq))]
V6-1 rock single elastic E_eq=2.31GPa nu=0.25 den=2630
flac3d>
flac3d>; ---- (3a) settle raw balls (rock frozen, linear cmat, density-scaled) ----
flac3d>zone gridpoint fix velocity
--- Fix velocity         specified in 441728 gridpoints.
flac3d>model mechanical timestep scale
--- density scaling activated in mechanical process with a target timestep of 1.
flac3d>cmat default type 'ball-ball'  model linear method deformability emod [pfc_emod] kratio [pfc_kratio] property fric [pfc_fric]
flac3d>cmat default type 'ball-facet' model linear method deformability emod [pfc_emod] kratio [pfc_kratio] property fric [pfc_fric]
flac3d>cmat apply
flac3d>model calm
flac3d>model cycle 3000
    Cycle      Total       Clock
--------- ---------- ----------- 
     3000       3000 00:00:53:26      3000                        
--- Global cycle limit of 3000 met.
--- Cycling ended at: 2026-07-03 15:12:57
flac3d>model calm
flac3d>[io.out('V6-3a balls settled: contacts='+string(contact.num))]
V6-3a balls settled: contacts=1025766
flac3d>
flac3d>; ---- (3b) promote to linearpbond + tag ball-facet contacts by parent wall ----
flac3d>cmat default type 'ball-ball'  model linearpbond method deformability emod [pfc_emod] kratio [pfc_kratio] proximity [pfc_bondgap] property fric [pfc_fric]
flac3d>cmat default type 'ball-facet' model linearpbond method deformability emod [pfc_emod] kratio [pfc_kratio] proximity [pfc_bondgap] property fric [pfc_fric]
flac3d>cmat apply
flac3d>model cycle 1
    Cycle      Total       Clock
--------- ---------- ----------- 
        1       3001 00:00:00:13         1                        
--- Global cycle limit of 1 met.
--- Cycling ended at: 2026-07-03 15:13:12
flac3d>fish define tag_bf_contacts
   Def>    local n_couple = 0
   Def>    local n_rigid  = 0
   Def>    loop foreach local c contact.list
   Def>        if type.pointer(c) = 'ball-facet' then
   Def>            local wfp = contact.end2(c)
   Def>            local w   = wall.facet.wall(wfp)
   Def>            local wn  = wall.name(w)
   Def>            if wn = 'wz_outter' then
   Def>                contact.group(c) = 'bf_couple'
   Def>                n_couple = n_couple + 1
   Def>            else
   Def>                contact.group(c) = 'bf_rigid'
   Def>                n_rigid = n_rigid + 1
   Def>            end_if
   Def>        end_if
   Def>    end_loop
   Def>    io.out('V6-3b TAG: bf_couple='+string(n_couple)+' bf_rigid='+string(n_rigid))
   Def>end
flac3d>[tag_bf_contacts]
V6-3b TAG: bf_couple=62556 bf_rigid=55752
0 (integer)
flac3d>
flac3d>; ---- (3c) bond: ball-ball D7 breakable / wz_outter 1e20 / rigid walls frictional ----
flac3d>contact model linearpbond range contact type 'ball-ball'
--- Assigned model linearpbond to 4359038 contacts.
flac3d>contact model linearpbond range contact group 'bf_couple'
--- Assigned model linearpbond to 62556 contacts.
flac3d>contact method deformability emod [pfc_emod] kratio [pfc_kratio] range contact type 'ball-ball'
--- Method deformability applied to 4359038 contacts in range.
flac3d>contact method deformability emod [pfc_emod] kratio [pfc_kratio] range contact group 'bf_couple'
--- Method deformability applied to 62556 contacts in range.
flac3d>contact method pb_deform emod [pfc_pb_emod] kratio [pfc_pb_krat] range contact type 'ball-ball'
--- Method pb_deformability applied to 4359038 contacts in range.
flac3d>contact method bond gap [pfc_bondgap] range contact type 'ball-ball'
--- Method bond applied to 4359038 contacts in range.
flac3d>contact property pb_ten [pfc_pb_ten] pb_coh [pfc_pb_coh] pb_fa [pfc_pb_fa] range contact type 'ball-ball'
--- Property pb_coh set in 4359038 contacts in range.
--- Property pb_fa set in 4359038 contacts in range.
--- Property pb_ten set in 4359038 contacts in range.
flac3d>contact method pb_deform emod [pfc_pb_emod] kratio [pfc_pb_krat] range contact group 'bf_couple'
--- Method pb_deformability applied to 62556 contacts in range.
flac3d>contact method bond gap [pfc_bondgap] range contact group 'bf_couple'
--- Method bond applied to 62556 contacts in range.
flac3d>contact property pb_ten [pfc_bf_strong] pb_coh [pfc_bf_strong] pb_fa [pfc_pb_fa] range contact group 'bf_couple'
--- Property pb_coh set in 62556 contacts in range.
--- Property pb_fa set in 62556 contacts in range.
--- Property pb_ten set in 62556 contacts in range.
flac3d>contact model linear range contact group 'bf_rigid'
--- Assigned model linear to 55752 contacts.
flac3d>contact method deformability emod [pfc_emod] kratio [pfc_kratio] range contact group 'bf_rigid'
--- Method deformability applied to 55752 contacts in range.
flac3d>contact property fric [pfc_fric]
--- Property fric set in 5280119 contacts in range.
flac3d>[io.out('V6-3c bonded (D7 breakable ball-ball; 1e20 wz_outter; rigid walls frictional)')]
V6-3c bonded (D7 breakable ball-ball; 1e20 wz_outter; rigid walls frictional)
0 (integer)
flac3d>
flac3d>; ---- (3c2) CORNER-FEET STRIPS -> UNBREAKABLE (D4/D6): bottom 0.45 m of both wall feet.
flac3d>;      Ring bottom rim z~1744.85 (open invert): contacts with z<=1745.30 are exactly
flac3d>;      the two feet strips. Overrides the D7 strengths locally; wz_outter 1e20 keeps
flac3d>;      them glued to rock; they follow the rock wall, cannot shatter or kick in. ----
flac3d>contact property pb_ten [pfc_bf_strong] pb_coh [pfc_bf_strong] range contact type 'ball-ball' position-z 1740.0 1745.30
--- Property pb_coh set in 350225 contacts in range.
--- Property pb_ten set in 350225 contacts in range.
flac3d>fish define count_feet
   Def>    local nf = 0
   Def>    loop foreach local c contact.list
   Def>        if type.pointer(c) = 'ball-ball' then
   Def>            if comp.z(contact.pos(c)) < 1745.30 then
   Def>                nf = nf + 1
   Def>            end_if
   Def>        end_if
   Def>    end_loop
   Def>    io.out('V6-3c2 FEET unbreakable ball-ball bonds='+string(nf))
   Def>end
flac3d>[count_feet]
V6-3c2 FEET unbreakable ball-ball bonds=185044
0 (integer)
flac3d>
flac3d>; ---- (3d) force-free install (lin_mode 1, once, at zero in-situ) ----
flac3d>model calm
flac3d>ball fix velocity spin
--- Fixity conditions changed in 456302 balls.
flac3d>ball attribute force-contact multiply 0.0
--- Attribute force-contact initialized in 456302 ball(s).
flac3d>ball attribute moment-contact multiply 0.0
--- Attribute moment-contact initialized in 456302 ball(s).
flac3d>contact property lin_force 0.0 0.0 0.0 lin_mode 1
--- Property lin_mode set in 5280119 contacts in range.
--- Property lin_force set in 5280119 contacts in range.
flac3d>model cycle 2
    Cycle      Total       Clock
--------- ---------- ----------- 
        2       3003 00:00:00:06         2                        
--- Global cycle limit of 2 met.
--- Cycling ended at: 2026-07-03 15:14:30
flac3d>ball free velocity spin
--- Fixity conditions changed in 456302 balls.
flac3d>[io.out('V6-3d force-free install done')]
V6-3d force-free install done
0 (integer)
flac3d>
flac3d>; ---- (4) in-situ: gravity + IDW map of the NEW (07-02) large field, whole domain ----
flac3d>model gravity 0 0 [-grav]
--- Gravity has been set to: ( 0.0e+00 0.0e+00 -9.8e+00).
flac3d>call '../idw_map.f3dat'
flac3d>; idw_map.f3dat -- submodel stress transfer (reused from proven G:/260529 io_stress).
flac3d>; ReadFile_ss(fname): load parent zone-stress export into global arrays.
flac3d>; MapStress_IDW(radius): inverse-distance-weighted map onto ALL target zones
flac3d>;   (rock + lining).  Wade 2026-06-22: the conformal lining shares nodes with the
flac3d>;   rock, so it is initialized to the same in-situ field (true wished-in-place,
flac3d>;   continuous interface at t=0, no internal force jump).
flac3d>fish automatic-create off
flac3d>
flac3d>[global ss_ndata = 1]
flac3d>[global ss_xdat = array.create(1)]
flac3d>[global ss_ydat = array.create(1)]
flac3d>[global ss_zdat = array.create(1)]
flac3d>[global sxxdat = array.create(1)]
flac3d>[global syydat = array.create(1)]
flac3d>[global szzdat = array.create(1)]
flac3d>[global sxydat = array.create(1)]
flac3d>[global sxzdat = array.create(1)]
flac3d>[global syzdat = array.create(1)]
flac3d>
flac3d>def ReadFile_ss(fname)
   Def>    local arr = array.create(1)
   Def>    ss_ndata = 0
   Def>    local stat = file.close
   Def>    stat = file.open(fname,0,1)
   Def>    if stat # 0 then
   Def>        io.out('ReadFile_ss: file.open failed status='+string(stat))
   Def>        exit
   Def>    endif
   Def>    stat = file.read(arr,1)            ; header
   Def>    stat = file.read(arr,1)            ; first data row
   Def>    loop while stat = 0
   Def>        ss_ndata = ss_ndata + 1
   Def>        stat = file.read(arr,1)
   Def>    endloop
   Def>    stat = file.close
   Def>    io.out('ReadFile_ss: data rows = '+string(ss_ndata))
   Def>    if ss_ndata <= 0 then
   Def>        exit
   Def>    endif
   Def>    ss_xdat = array.create(ss_ndata)
   Def>    ss_ydat = array.create(ss_ndata)
   Def>    ss_zdat = array.create(ss_ndata)
   Def>    sxxdat = array.create(ss_ndata)
   Def>    syydat = array.create(ss_ndata)
   Def>    szzdat = array.create(ss_ndata)
   Def>    sxydat = array.create(ss_ndata)
   Def>    sxzdat = array.create(ss_ndata)
   Def>    syzdat = array.create(ss_ndata)
   Def>    stat = file.open(fname,0,1)
   Def>    stat = file.read(arr,1)            ; skip header
   Def>    local i = 0
   Def>    stat = file.read(arr,1)
   Def>    loop while stat = 0
   Def>        i = i + 1
   Def>        local line = arr(1)
   Def>        ss_xdat(i) = string.token(line,2)
   Def>        ss_ydat(i) = string.token(line,3)
   Def>        ss_zdat(i) = string.token(line,4)
   Def>        sxxdat(i) = string.token(line,5)
   Def>        syydat(i) = string.token(line,6)
   Def>        szzdat(i) = string.token(line,7)
   Def>        sxydat(i) = string.token(line,8)
   Def>        sxzdat(i) = string.token(line,9)
   Def>        syzdat(i) = string.token(line,10)
   Def>        stat = file.read(arr,1)
   Def>    endloop
   Def>    stat = file.close
   Def>    io.out('ReadFile_ss: parsed '+string(i)+' rows')
   Def>end
flac3d>
flac3d>def MapStress_IDW(search_radius)
   Def>    local nmap = 0
   Def>    loop foreach local iz zone.list
   Def>        if zone.id(iz) > 0 then            ; ALL zones (rock + lining) -- wished-in-place
   Def>            local x = zone.pos.x(iz)
   Def>            local y = zone.pos.y(iz)
   Def>            local z = zone.pos.z(iz)
   Def>            local sum_w = 0.0
   Def>            local s_xx = 0.0
   Def>            local s_yy = 0.0
   Def>            local s_zz = 0.0
   Def>            local s_xy = 0.0
   Def>            local s_xz = 0.0
   Def>            local s_yz = 0.0
   Def>            local dmin = 1.0e30
   Def>            local inear = 1
   Def>            local i = 1
   Def>            loop while i <= ss_ndata
   Def>                local dx = math.abs(x - ss_xdat(i))
   Def>                if dx <= search_radius then
   Def>                    local dy = math.abs(y - ss_ydat(i))
   Def>                    if dy <= search_radius then
   Def>                        local dz = math.abs(z - ss_zdat(i))
   Def>                        if dz <= search_radius then
   Def>                            local d2 = dx*dx + dy*dy + dz*dz
   Def>                            if d2 <= (search_radius*search_radius) then
   Def>                                if d2 < dmin then
   Def>                                    dmin = d2
   Def>                                    inear = i
   Def>                                endif
   Def>                                local w = 1.0 / math.max(d2,1e-10)
   Def>                                sum_w = sum_w + w
   Def>                                s_xx = s_xx + sxxdat(i)*w
   Def>                                s_yy = s_yy + syydat(i)*w
   Def>                                s_zz = s_zz + szzdat(i)*w
   Def>                                s_xy = s_xy + sxydat(i)*w
   Def>                                s_xz = s_xz + sxzdat(i)*w
   Def>                                s_yz = s_yz + syzdat(i)*w
   Def>                            endif
   Def>                        endif
   Def>                    endif
   Def>                endif
   Def>                i = i + 1
   Def>            endloop
   Def>            if sum_w > 0.0 then
   Def>                zone.stress.xx(iz) = s_xx / sum_w
   Def>                zone.stress.yy(iz) = s_yy / sum_w
   Def>                zone.stress.zz(iz) = s_zz / sum_w
   Def>                zone.stress.xy(iz) = s_xy / sum_w
   Def>                zone.stress.xz(iz) = s_xz / sum_w
   Def>                zone.stress.yz(iz) = s_yz / sum_w
   Def>            else
   Def>                i = 1
   Def>                loop while i <= ss_ndata
   Def>                    local d2b = (x-ss_xdat(i))^2 + (y-ss_ydat(i))^2 + (z-ss_zdat(i))^2
   Def>                    if d2b < dmin then
   Def>                        dmin = d2b
   Def>                        inear = i
   Def>                    endif
   Def>                    i = i + 1
   Def>                endloop
   Def>                zone.stress.xx(iz) = sxxdat(inear)
   Def>                zone.stress.yy(iz) = syydat(inear)
   Def>                zone.stress.zz(iz) = szzdat(inear)
   Def>                zone.stress.xy(iz) = sxydat(inear)
   Def>                zone.stress.xz(iz) = sxzdat(inear)
   Def>                zone.stress.yz(iz) = syzdat(inear)
   Def>            endif
   Def>            nmap = nmap + 1
   Def>        endif
   Def>    endloop
   Def>    io.out('MapStress_IDW: mapped onto '+string(nmap)+' zones rock+lining (radius '+string(search_radius)+')')
   Def>end
flac3d>[ReadFile_ss('../../output/large_stress_coarse.dat')]
ReadFile_ss: data rows = 2582
ReadFile_ss: parsed 2582 rows
0 (integer)
flac3d>[MapStress_IDW(40.0)]
MapStress_IDW: mapped onto 424908 zones rock+lining (radius 40)
0 (integer)
flac3d>[io.out('V6-4 in-situ mapped (NEW large field, whole domain)')]
V6-4 in-situ mapped (NEW large field, whole domain)
0 (integer)
flac3d>
flac3d>; ---- (5) BC: 6 outer faces velocity-fixed ----
flac3d>zone gridpoint fix velocity range position-x 1276.7 1277.3
--- Fix velocity         specified in 3584 gridpoints.
flac3d>zone gridpoint fix velocity range position-x 1316.7 1317.3
--- Fix velocity         specified in 3584 gridpoints.
flac3d>zone gridpoint fix velocity range position-y 859.7 860.3
--- Fix velocity         specified in 3944 gridpoints.
flac3d>zone gridpoint fix velocity range position-y 909.7 910.3
--- Fix velocity         specified in 3944 gridpoints.
flac3d>zone gridpoint fix velocity range position-z 1727.7 1728.3
--- Fix velocity         specified in 3248 gridpoints.
flac3d>zone gridpoint fix velocity range position-z 1767.7 1768.3
--- Fix velocity         specified in 3024 gridpoints.
flac3d>[io.out('V6-5 outer faces fixed')]
V6-5 outer faces fixed
0 (integer)
flac3d>model save 'v6_preA'
--- Model saved to file C:/Users/Wade/Desktop/Tunnel_TX/04_InitialBalance/process/couple_solve/v6_preA.f3sav.
flac3d>
flac3d>; ---- (6) solve: freeze-ball rock-eq -> support pressure -> free -> servo bleed ----
flac3d>ball fix velocity spin
--- Fixity conditions changed in 456302 balls.
flac3d>model solve ratio-average 1e-4 cycles 8000
    Cycle      Total Ratio-aver       Clock
--------- ---------- ---------- ----------- 
        1       3004 0.0000e+00 00:00:00:04      8000            1.0000e-04             
--- Limit ratio-average of 1.0000e-04 met in process(es): mech Zone Main (0.0000e+00),mech Struct Main (0.0000e+00),mech Ball (0.0000e+00),mech Clump (0.0000e+00).
--- Cycling ended at: 2026-07-03 15:20:28
flac3d>[io.out('V6-A rock-eq (balls frozen) done')]
V6-A rock-eq (balls frozen) done
0 (integer)
flac3d>model save 'v6_rockeq'
--- Model saved to file C:/Users/Wade/Desktop/Tunnel_TX/04_InitialBalance/process/couple_solve/v6_rockeq.f3sav.
flac3d>zone face apply stress-normal [ovb] range group 'rock' slot 'mat' position-x 1292 1303 position-y 860.05 909.95 position-z 1743 1752
--- Apply conditions added to 12876 faces.
flac3d>model solve ratio-average 1e-4 cycles 3000
    Cycle      Total Ratio-aver       Clock
--------- ---------- ---------- ----------- 
        1       3005 0.0000e+00 00:00:00:04      3000            1.0000e-04             
--- Limit ratio-average of 1.0000e-04 met in process(es): mech Zone Main (0.0000e+00),mech Struct Main (0.0000e+00),mech Ball (0.0000e+00),mech Clump (0.0000e+00).
--- Cycling ended at: 2026-07-03 15:20:54
flac3d>[io.out('V6-A1 bore support pressure on (balls frozen)')]
V6-A1 bore support pressure on (balls frozen)
0 (integer)
flac3d>ball free velocity spin
--- Fixity conditions changed in 456302 balls.
flac3d>ball attribute displacement multiply 0.0
--- Attribute displacement initialized in 456302 ball(s).
flac3d>model mechanical timestep automatic
--- timestep calculation activated in mechanical process.
flac3d>[io.out('V6-A2 balls freed (confined by wz_outter + rigid walls)')]
V6-A2 balls freed (confined by wz_outter + rigid walls)
0 (integer)
flac3d>zone face apply stress-normal [ovb] servo reduce ratio average lower-bound 2e-3 upper-bound 1e-2 upper-multiplier 0.95 latency 30 range group 'rock' slot 'mat' position-x 1292 1303 position-y 860.05 909.95 position-z 1743 1752
--- Apply conditions added to 12876 faces.
flac3d>model solve ratio-average 1e-4 cycles 2000
    Cycle      Total Ratio-aver       Clock
--------- ---------- ---------- ----------- 
     2000       5005 1.8050e-02 00:00:49:30      2000            1.0000e-04             
--- Global cycle limit of 2000 met.
--- Cycling ended at: 2026-07-03 16:10:29
flac3d>[io.out('V6-B1 servo ~2000')]
V6-B1 servo ~2000
0 (integer)
flac3d>model save 'v6_servo_m1'
--- Model saved to file C:/Users/Wade/Desktop/Tunnel_TX/04_InitialBalance/process/couple_solve/v6_servo_m1.f3sav.
flac3d>model solve ratio-average 1e-4 cycles 3000
    Cycle      Total Ratio-aver       Clock
--------- ---------- ---------- ----------- 
     3000       8005 6.9502e-02 00:01:12:41      3000            1.0000e-04             
--- Global cycle limit of 3000 met.
--- Cycling ended at: 2026-07-03 17:23:32
flac3d>[io.out('V6-B2 servo ~5000')]
V6-B2 servo ~5000
0 (integer)
flac3d>model solve ratio-average 1e-4 cycles 5000
    Cycle      Total Ratio-aver       Clock
--------- ---------- ---------- ----------- 
     5000      13005 1.2178e-02 00:02:01:43      5000            1.0000e-04             
--- Global cycle limit of 5000 met.
--- Cycling ended at: 2026-07-03 19:25:16
flac3d>[io.out('V6-B3 servo ~10000')]
V6-B3 servo ~10000
0 (integer)
flac3d>zone face apply stress-normal 0 range group 'rock' slot 'mat' position-x 1292 1303 position-y 860.05 909.95 position-z 1743 1752
--- 12876 faces with conflicting conditions had those conditions removed.
--- Apply conditions added to 12876 faces.
flac3d>model solve ratio-average 1e-4 cycles 8000
    Cycle      Total Ratio-aver       Clock
--------- ---------- ---------- ----------- 
     8000      21005 1.3215e-02 00:03:21:32      8000            1.0000e-04             
--- Global cycle limit of 8000 met.
--- Cycling ended at: 2026-07-03 22:46:49
flac3d>[io.out('V6-FIN confined equilibrium reached')]
V6-FIN confined equilibrium reached
0 (integer)
flac3d>model save 'Couple_Initial_v6'
--- Model saved to file C:/Users/Wade/Desktop/Tunnel_TX/04_InitialBalance/process/couple_solve/Couple_Initial_v6.f3sav.
flac3d>
flac3d>; ---- verify at confined state ----
flac3d>call 'count_bonds.f3fis'
flac3d>fish automatic-create on
flac3d>fish define count_state
   Def>    local nbb = 0
   Def>    local ntens = 0
   Def>    local nshear = 0
   Def>    loop foreach local c contact.list
   Def>        if contact.model(c) = 'linearpbond' then
   Def>            if contact.prop(c,'pb_ten') < 1.0e10 then
   Def>                local cp = contact.pos(c)
   Def>                if comp.y(cp) > 884.5 then
   Def>                if comp.y(cp) < 885.5 then
   Def>                    nbb = nbb + 1
   Def>                    local st = contact.prop(c,'pb_state')
   Def>                    if st = 1 then
   Def>                        ntens = ntens + 1
   Def>                    end_if
   Def>                    if st = 2 then
   Def>                        nshear = nshear + 1
   Def>                    end_if
   Def>                end_if
   Def>                end_if
   Def>            end_if
   Def>        end_if
   Def>    end_loop
   Def>    local dmax = 0.0
   Def>    loop foreach local b ball.list
   Def>        local dx = ball.disp(b,1)
   Def>        local dy = ball.disp(b,2)
   Def>        local dz = ball.disp(b,3)
   Def>        local dm = math.sqrt(dx*dx+dy*dy+dz*dz)
   Def>        if dm > dmax then
   Def>            dmax = dm
   Def>        end_if
   Def>    end_loop
   Def>    local gpmax = 0.0
   Def>    loop foreach local gp gp.list
   Def>        local gd = gp.disp(gp)
   Def>        local gm = math.sqrt(comp.x(gd)*comp.x(gd)+comp.y(gd)*comp.y(gd)+comp.z(gd)*comp.z(gd))
   Def>        if gm > gpmax then
   Def>            gpmax = gm
   Def>        end_if
   Def>    end_loop
   Def>    io.out('   bonds(slice)='+string(nbb)+' tension-broken='+string(ntens)+' shear-broken='+string(nshear)+' | ball disp_max='+string(dmax)+' m | rock gp disp_max='+string(gpmax)+' m')
   Def>end
flac3d>[io.out('V6-BONDCHK at Couple_Initial_v6 (confined):')]
V6-BONDCHK at Couple_Initial_v6 (confined):
0 (integer)
flac3d>[count_state]
   bonds(slice)=41140 tension-broken=0 shear-broken=0 | ball disp_max=0.0134566 m | rock gp disp_max=0 m
0 (integer)
flac3d>
flac3d>; ============================================================================
flac3d>; STEP F -- FREE INNER FACE (D4): delete rigid clearance wall, re-converge, gates.
flac3d>; ============================================================================
flac3d>fish define ball_dmax
   Def>    local dm = 0.0
   Def>    loop foreach local b ball.list
   Def>        local d = ball.disp(b)
   Def>        local m = math.sqrt(comp.x(d)^2+comp.y(d)^2+comp.z(d)^2)
   Def>        if m > dm then
   Def>            dm = m
   Def>        end_if
   Def>    end_loop
   Def>    ball_dmax = dm
   Def>end
flac3d>fish define broken_count
   Def>    local nb = 0
   Def>    loop foreach local c contact.list
   Def>        if type.pointer(c) = 'ball-ball' then
   Def>            local st = contact.prop(c,'pb_state')
   Def>            if st = 1 then
   Def>                nb = nb + 1
   Def>            end_if
   Def>            if st = 2 then
   Def>                nb = nb + 1
   Def>            end_if
   Def>        end_if
   Def>    end_loop
   Def>    broken_count = nb
   Def>end
flac3d>[global brk0 = broken_count]
flac3d>[global bdm0 = ball_dmax]
flac3d>[io.out('V6-F0 baseline: broken='+string(brk0)+' ball_dmax='+string(bdm0))]
V6-F0 baseline: broken=376 ball_dmax=0.0134566
flac3d>ball attribute displacement multiply 0.0
--- Attribute displacement initialized in 456302 ball(s).
flac3d>wall delete wall range name 'w_inner'
--- 1 walls deleted.
