**********************************************
* Logging started at 週六 七月 4 17:17:04 2026
* By flac3d Version 6.00 Release 069
* 
* 
* Job Title: 
**********************************************
flac3d>fish automatic-create on
flac3d>model restore '../output/ss_01'
********************************************
Save file created by FLAC3D 6.00.69.0
on 週五 七月 3 09:37:07 2026
Total Cycles: 32436  Super Cycles: 32436
Title: Alishan #46 SMALL near-field -- CONFORMAL rock(6-layer)+lining ring, Route C
Customer: 
        : 
********************************************
flac3d>[global CUR='01']
flac3d>call 'exp_body.f3dat'
flac3d>; exp_body.f3dat -- (re)defines the two exporters and runs them for suffix [CUR].
flac3d>;   Must be call'd AFTER each `model restore` (restore wipes the FISH environment,
flac3d>;   so the definitions have to be reloaded every stage). Uses global CUR set by driver.
flac3d>fish define exp_bnd(fname)
   Def>    local fb = file.open(fname,1,1)
   Def>    local a = array.create(1)
   Def>    a(1) = 'x y z dx dy dz'
   Def>    local st = file.write(a,1)
   Def>    local nb = 0
   Def>    loop foreach local g gp.list
   Def>        local p = gp.pos(g)
   Def>        local x = comp.x(p)
   Def>        local y = comp.y(p)
   Def>        local z = comp.z(p)
   Def>        if x > 1276.0 then
   Def>        if x < 1318.0 then
   Def>        if y > 859.0 then
   Def>        if y < 911.0 then
   Def>        if z > 1727.0 then
   Def>        if z < 1769.0 then
   Def>            local onb = 0
   Def>            if math.abs(x-1277.0) < 1.0 then
   Def>                onb = 1
   Def>            end_if
   Def>            if math.abs(x-1317.0) < 1.0 then
   Def>                onb = 1
   Def>            end_if
   Def>            if math.abs(y-860.0) < 1.0 then
   Def>                onb = 1
   Def>            end_if
   Def>            if math.abs(y-910.0) < 1.0 then
   Def>                onb = 1
   Def>            end_if
   Def>            if math.abs(z-1728.0) < 1.0 then
   Def>                onb = 1
   Def>            end_if
   Def>            if math.abs(z-1768.0) < 1.0 then
   Def>                onb = 1
   Def>            end_if
   Def>            if onb = 1 then
   Def>                local d = gp.disp(g)
   Def>                a(1) = string(x)+' '+string(y)+' '+string(z)+' '+string(comp.x(d))+' '+string(comp.y(d))+' '+string(comp.z(d))
   Def>                st = file.write(a,1)
   Def>                nb = nb + 1
   Def>            end_if
   Def>        end_if
   Def>        end_if
   Def>        end_if
   Def>        end_if
   Def>        end_if
   Def>        end_if
   Def>    end_loop
   Def>    st = file.close
   Def>    io.out('CEB-BND '+fname+' n='+string(nb))
   Def>end
flac3d>fish define exp_wall(fname)
   Def>    local fw = file.open(fname,1,1)
   Def>    local a = array.create(1)
   Def>    a(1) = 'x y z dx dy dz'
   Def>    local st = file.write(a,1)
   Def>    local nw = 0
   Def>    loop foreach local g gp.list
   Def>        local p = gp.pos(g)
   Def>        local y = comp.y(p)
   Def>        if y > 860.0 then
   Def>        if y < 910.0 then
   Def>            local rx = comp.x(p) - 1297.0
   Def>            local rz = comp.z(p) - 1747.5
   Def>            if rx*rx + rz*rz < 12.25 then
   Def>                local d = gp.disp(g)
   Def>                a(1) = string(comp.x(p))+' '+string(y)+' '+string(comp.z(p))+' '+string(comp.x(d))+' '+string(comp.y(d))+' '+string(comp.z(d))
   Def>                st = file.write(a,1)
   Def>                nw = nw + 1
   Def>            end_if
   Def>        end_if
   Def>        end_if
   Def>    end_loop
   Def>    st = file.close
   Def>    io.out('CEB-WALL '+fname+' n='+string(nw))
   Def>end
flac3d>[exp_bnd('cpl_bnd_s'+CUR+'.txt')]
CEB-BND cpl_bnd_s01.txt n=10109
0 (integer)
flac3d>[exp_wall('cpl_wall_s'+CUR+'.txt')]
CEB-WALL cpl_wall_s01.txt n=50261
0 (integer)
flac3d>[io.out('CEB stage '+CUR+' done')]
CEB stage 01 done
0 (integer)
flac3d>model restore '../output/ss_02'
********************************************
Save file created by FLAC3D 6.00.69.0
on 週五 七月 3 09:47:59 2026
Total Cycles: 34571  Super Cycles: 34571
Title: Alishan #46 SMALL near-field -- CONFORMAL rock(6-layer)+lining ring, Route C
Customer: 
        : 
********************************************
flac3d>[global CUR='02']
flac3d>call 'exp_body.f3dat'
flac3d>; exp_body.f3dat -- (re)defines the two exporters and runs them for suffix [CUR].
flac3d>;   Must be call'd AFTER each `model restore` (restore wipes the FISH environment,
flac3d>;   so the definitions have to be reloaded every stage). Uses global CUR set by driver.
flac3d>fish define exp_bnd(fname)
   Def>    local fb = file.open(fname,1,1)
   Def>    local a = array.create(1)
   Def>    a(1) = 'x y z dx dy dz'
   Def>    local st = file.write(a,1)
   Def>    local nb = 0
   Def>    loop foreach local g gp.list
   Def>        local p = gp.pos(g)
   Def>        local x = comp.x(p)
   Def>        local y = comp.y(p)
   Def>        local z = comp.z(p)
   Def>        if x > 1276.0 then
   Def>        if x < 1318.0 then
   Def>        if y > 859.0 then
   Def>        if y < 911.0 then
   Def>        if z > 1727.0 then
   Def>        if z < 1769.0 then
   Def>            local onb = 0
   Def>            if math.abs(x-1277.0) < 1.0 then
   Def>                onb = 1
   Def>            end_if
   Def>            if math.abs(x-1317.0) < 1.0 then
   Def>                onb = 1
   Def>            end_if
   Def>            if math.abs(y-860.0) < 1.0 then
   Def>                onb = 1
   Def>            end_if
   Def>            if math.abs(y-910.0) < 1.0 then
   Def>                onb = 1
   Def>            end_if
   Def>            if math.abs(z-1728.0) < 1.0 then
   Def>                onb = 1
   Def>            end_if
   Def>            if math.abs(z-1768.0) < 1.0 then
   Def>                onb = 1
   Def>            end_if
   Def>            if onb = 1 then
   Def>                local d = gp.disp(g)
   Def>                a(1) = string(x)+' '+string(y)+' '+string(z)+' '+string(comp.x(d))+' '+string(comp.y(d))+' '+string(comp.z(d))
   Def>                st = file.write(a,1)
   Def>                nb = nb + 1
   Def>            end_if
   Def>        end_if
   Def>        end_if
   Def>        end_if
   Def>        end_if
   Def>        end_if
   Def>        end_if
   Def>    end_loop
   Def>    st = file.close
   Def>    io.out('CEB-BND '+fname+' n='+string(nb))
   Def>end
flac3d>fish define exp_wall(fname)
   Def>    local fw = file.open(fname,1,1)
   Def>    local a = array.create(1)
   Def>    a(1) = 'x y z dx dy dz'
   Def>    local st = file.write(a,1)
   Def>    local nw = 0
   Def>    loop foreach local g gp.list
   Def>        local p = gp.pos(g)
   Def>        local y = comp.y(p)
   Def>        if y > 860.0 then
   Def>        if y < 910.0 then
   Def>            local rx = comp.x(p) - 1297.0
   Def>            local rz = comp.z(p) - 1747.5
   Def>            if rx*rx + rz*rz < 12.25 then
   Def>                local d = gp.disp(g)
   Def>                a(1) = string(comp.x(p))+' '+string(y)+' '+string(comp.z(p))+' '+string(comp.x(d))+' '+string(comp.y(d))+' '+string(comp.z(d))
   Def>                st = file.write(a,1)
   Def>                nw = nw + 1
   Def>            end_if
   Def>        end_if
   Def>        end_if
   Def>    end_loop
   Def>    st = file.close
   Def>    io.out('CEB-WALL '+fname+' n='+string(nw))
   Def>end
flac3d>[exp_bnd('cpl_bnd_s'+CUR+'.txt')]
CEB-BND cpl_bnd_s02.txt n=10109
0 (integer)
flac3d>[exp_wall('cpl_wall_s'+CUR+'.txt')]
CEB-WALL cpl_wall_s02.txt n=50261
0 (integer)
flac3d>[io.out('CEB stage '+CUR+' done')]
CEB stage 02 done
0 (integer)
flac3d>model restore '../output/ss_03'
********************************************
Save file created by FLAC3D 6.00.69.0
on 週五 七月 3 10:07:55 2026
Total Cycles: 38435  Super Cycles: 38435
Title: Alishan #46 SMALL near-field -- CONFORMAL rock(6-layer)+lining ring, Route C
Customer: 
        : 
********************************************
flac3d>[global CUR='03']
flac3d>call 'exp_body.f3dat'
flac3d>; exp_body.f3dat -- (re)defines the two exporters and runs them for suffix [CUR].
flac3d>;   Must be call'd AFTER each `model restore` (restore wipes the FISH environment,
flac3d>;   so the definitions have to be reloaded every stage). Uses global CUR set by driver.
flac3d>fish define exp_bnd(fname)
   Def>    local fb = file.open(fname,1,1)
   Def>    local a = array.create(1)
   Def>    a(1) = 'x y z dx dy dz'
   Def>    local st = file.write(a,1)
   Def>    local nb = 0
   Def>    loop foreach local g gp.list
   Def>        local p = gp.pos(g)
   Def>        local x = comp.x(p)
   Def>        local y = comp.y(p)
   Def>        local z = comp.z(p)
   Def>        if x > 1276.0 then
   Def>        if x < 1318.0 then
   Def>        if y > 859.0 then
   Def>        if y < 911.0 then
   Def>        if z > 1727.0 then
   Def>        if z < 1769.0 then
   Def>            local onb = 0
   Def>            if math.abs(x-1277.0) < 1.0 then
   Def>                onb = 1
   Def>            end_if
   Def>            if math.abs(x-1317.0) < 1.0 then
   Def>                onb = 1
   Def>            end_if
   Def>            if math.abs(y-860.0) < 1.0 then
   Def>                onb = 1
   Def>            end_if
   Def>            if math.abs(y-910.0) < 1.0 then
   Def>                onb = 1
   Def>            end_if
   Def>            if math.abs(z-1728.0) < 1.0 then
   Def>                onb = 1
   Def>            end_if
   Def>            if math.abs(z-1768.0) < 1.0 then
   Def>                onb = 1
   Def>            end_if
   Def>            if onb = 1 then
   Def>                local d = gp.disp(g)
   Def>                a(1) = string(x)+' '+string(y)+' '+string(z)+' '+string(comp.x(d))+' '+string(comp.y(d))+' '+string(comp.z(d))
   Def>                st = file.write(a,1)
   Def>                nb = nb + 1
   Def>            end_if
   Def>        end_if
   Def>        end_if
   Def>        end_if
   Def>        end_if
   Def>        end_if
   Def>        end_if
   Def>    end_loop
   Def>    st = file.close
   Def>    io.out('CEB-BND '+fname+' n='+string(nb))
   Def>end
flac3d>fish define exp_wall(fname)
   Def>    local fw = file.open(fname,1,1)
   Def>    local a = array.create(1)
   Def>    a(1) = 'x y z dx dy dz'
   Def>    local st = file.write(a,1)
   Def>    local nw = 0
   Def>    loop foreach local g gp.list
   Def>        local p = gp.pos(g)
   Def>        local y = comp.y(p)
   Def>        if y > 860.0 then
   Def>        if y < 910.0 then
   Def>            local rx = comp.x(p) - 1297.0
   Def>            local rz = comp.z(p) - 1747.5
   Def>            if rx*rx + rz*rz < 12.25 then
   Def>                local d = gp.disp(g)
   Def>                a(1) = string(comp.x(p))+' '+string(y)+' '+string(comp.z(p))+' '+string(comp.x(d))+' '+string(comp.y(d))+' '+string(comp.z(d))
   Def>                st = file.write(a,1)
   Def>                nw = nw + 1
   Def>            end_if
   Def>        end_if
   Def>        end_if
   Def>    end_loop
   Def>    st = file.close
   Def>    io.out('CEB-WALL '+fname+' n='+string(nw))
   Def>end
flac3d>[exp_bnd('cpl_bnd_s'+CUR+'.txt')]
CEB-BND cpl_bnd_s03.txt n=10109
0 (integer)
flac3d>[exp_wall('cpl_wall_s'+CUR+'.txt')]
CEB-WALL cpl_wall_s03.txt n=50261
0 (integer)
flac3d>[io.out('CEB stage '+CUR+' done')]
CEB stage 03 done
0 (integer)
flac3d>model restore '../output/ss_04'
********************************************
Save file created by FLAC3D 6.00.69.0
on 週五 七月 3 10:25:59 2026
Total Cycles: 41956  Super Cycles: 41956
Title: Alishan #46 SMALL near-field -- CONFORMAL rock(6-layer)+lining ring, Route C
Customer: 
        : 
********************************************
flac3d>[global CUR='04']
flac3d>call 'exp_body.f3dat'
flac3d>; exp_body.f3dat -- (re)defines the two exporters and runs them for suffix [CUR].
flac3d>;   Must be call'd AFTER each `model restore` (restore wipes the FISH environment,
flac3d>;   so the definitions have to be reloaded every stage). Uses global CUR set by driver.
flac3d>fish define exp_bnd(fname)
   Def>    local fb = file.open(fname,1,1)
   Def>    local a = array.create(1)
   Def>    a(1) = 'x y z dx dy dz'
   Def>    local st = file.write(a,1)
   Def>    local nb = 0
   Def>    loop foreach local g gp.list
   Def>        local p = gp.pos(g)
   Def>        local x = comp.x(p)
   Def>        local y = comp.y(p)
   Def>        local z = comp.z(p)
   Def>        if x > 1276.0 then
   Def>        if x < 1318.0 then
   Def>        if y > 859.0 then
   Def>        if y < 911.0 then
   Def>        if z > 1727.0 then
   Def>        if z < 1769.0 then
   Def>            local onb = 0
   Def>            if math.abs(x-1277.0) < 1.0 then
   Def>                onb = 1
   Def>            end_if
   Def>            if math.abs(x-1317.0) < 1.0 then
   Def>                onb = 1
   Def>            end_if
   Def>            if math.abs(y-860.0) < 1.0 then
   Def>                onb = 1
   Def>            end_if
   Def>            if math.abs(y-910.0) < 1.0 then
   Def>                onb = 1
   Def>            end_if
   Def>            if math.abs(z-1728.0) < 1.0 then
   Def>                onb = 1
   Def>            end_if
   Def>            if math.abs(z-1768.0) < 1.0 then
   Def>                onb = 1
   Def>            end_if
   Def>            if onb = 1 then
   Def>                local d = gp.disp(g)
   Def>                a(1) = string(x)+' '+string(y)+' '+string(z)+' '+string(comp.x(d))+' '+string(comp.y(d))+' '+string(comp.z(d))
   Def>                st = file.write(a,1)
   Def>                nb = nb + 1
   Def>            end_if
   Def>        end_if
   Def>        end_if
   Def>        end_if
   Def>        end_if
   Def>        end_if
   Def>        end_if
   Def>    end_loop
   Def>    st = file.close
   Def>    io.out('CEB-BND '+fname+' n='+string(nb))
   Def>end
flac3d>fish define exp_wall(fname)
   Def>    local fw = file.open(fname,1,1)
   Def>    local a = array.create(1)
   Def>    a(1) = 'x y z dx dy dz'
   Def>    local st = file.write(a,1)
   Def>    local nw = 0
   Def>    loop foreach local g gp.list
   Def>        local p = gp.pos(g)
   Def>        local y = comp.y(p)
   Def>        if y > 860.0 then
   Def>        if y < 910.0 then
   Def>            local rx = comp.x(p) - 1297.0
   Def>            local rz = comp.z(p) - 1747.5
   Def>            if rx*rx + rz*rz < 12.25 then
   Def>                local d = gp.disp(g)
   Def>                a(1) = string(comp.x(p))+' '+string(y)+' '+string(comp.z(p))+' '+string(comp.x(d))+' '+string(comp.y(d))+' '+string(comp.z(d))
   Def>                st = file.write(a,1)
   Def>                nw = nw + 1
   Def>            end_if
   Def>        end_if
   Def>        end_if
   Def>    end_loop
   Def>    st = file.close
   Def>    io.out('CEB-WALL '+fname+' n='+string(nw))
   Def>end
flac3d>[exp_bnd('cpl_bnd_s'+CUR+'.txt')]
CEB-BND cpl_bnd_s04.txt n=10109
0 (integer)
flac3d>[exp_wall('cpl_wall_s'+CUR+'.txt')]
CEB-WALL cpl_wall_s04.txt n=50261
0 (integer)
flac3d>[io.out('CEB stage '+CUR+' done')]
CEB stage 04 done
0 (integer)
flac3d>model restore '../output/ss_05'
********************************************
Save file created by FLAC3D 6.00.69.0
on 週五 七月 3 10:50:01 2026
Total Cycles: 46634  Super Cycles: 46634
Title: Alishan #46 SMALL near-field -- CONFORMAL rock(6-layer)+lining ring, Route C
Customer: 
        : 
********************************************
flac3d>[global CUR='05']
flac3d>call 'exp_body.f3dat'
flac3d>; exp_body.f3dat -- (re)defines the two exporters and runs them for suffix [CUR].
flac3d>;   Must be call'd AFTER each `model restore` (restore wipes the FISH environment,
flac3d>;   so the definitions have to be reloaded every stage). Uses global CUR set by driver.
flac3d>fish define exp_bnd(fname)
   Def>    local fb = file.open(fname,1,1)
   Def>    local a = array.create(1)
   Def>    a(1) = 'x y z dx dy dz'
   Def>    local st = file.write(a,1)
   Def>    local nb = 0
   Def>    loop foreach local g gp.list
   Def>        local p = gp.pos(g)
   Def>        local x = comp.x(p)
   Def>        local y = comp.y(p)
   Def>        local z = comp.z(p)
   Def>        if x > 1276.0 then
   Def>        if x < 1318.0 then
   Def>        if y > 859.0 then
   Def>        if y < 911.0 then
   Def>        if z > 1727.0 then
   Def>        if z < 1769.0 then
   Def>            local onb = 0
   Def>            if math.abs(x-1277.0) < 1.0 then
   Def>                onb = 1
   Def>            end_if
   Def>            if math.abs(x-1317.0) < 1.0 then
   Def>                onb = 1
   Def>            end_if
   Def>            if math.abs(y-860.0) < 1.0 then
   Def>                onb = 1
   Def>            end_if
   Def>            if math.abs(y-910.0) < 1.0 then
   Def>                onb = 1
   Def>            end_if
   Def>            if math.abs(z-1728.0) < 1.0 then
   Def>                onb = 1
   Def>            end_if
   Def>            if math.abs(z-1768.0) < 1.0 then
   Def>                onb = 1
   Def>            end_if
   Def>            if onb = 1 then
   Def>                local d = gp.disp(g)
   Def>                a(1) = string(x)+' '+string(y)+' '+string(z)+' '+string(comp.x(d))+' '+string(comp.y(d))+' '+string(comp.z(d))
   Def>                st = file.write(a,1)
   Def>                nb = nb + 1
   Def>            end_if
   Def>        end_if
   Def>        end_if
   Def>        end_if
   Def>        end_if
   Def>        end_if
   Def>        end_if
   Def>    end_loop
   Def>    st = file.close
   Def>    io.out('CEB-BND '+fname+' n='+string(nb))
   Def>end
flac3d>fish define exp_wall(fname)
   Def>    local fw = file.open(fname,1,1)
   Def>    local a = array.create(1)
   Def>    a(1) = 'x y z dx dy dz'
   Def>    local st = file.write(a,1)
   Def>    local nw = 0
   Def>    loop foreach local g gp.list
   Def>        local p = gp.pos(g)
   Def>        local y = comp.y(p)
   Def>        if y > 860.0 then
   Def>        if y < 910.0 then
   Def>            local rx = comp.x(p) - 1297.0
   Def>            local rz = comp.z(p) - 1747.5
   Def>            if rx*rx + rz*rz < 12.25 then
   Def>                local d = gp.disp(g)
   Def>                a(1) = string(comp.x(p))+' '+string(y)+' '+string(comp.z(p))+' '+string(comp.x(d))+' '+string(comp.y(d))+' '+string(comp.z(d))
   Def>                st = file.write(a,1)
   Def>                nw = nw + 1
   Def>            end_if
   Def>        end_if
   Def>        end_if
   Def>    end_loop
   Def>    st = file.close
   Def>    io.out('CEB-WALL '+fname+' n='+string(nw))
   Def>end
flac3d>[exp_bnd('cpl_bnd_s'+CUR+'.txt')]
CEB-BND cpl_bnd_s05.txt n=10109
0 (integer)
flac3d>[exp_wall('cpl_wall_s'+CUR+'.txt')]
CEB-WALL cpl_wall_s05.txt n=50261
0 (integer)
flac3d>[io.out('CEB stage '+CUR+' done')]
CEB stage 05 done
0 (integer)
flac3d>model restore '../output/ss_06'
********************************************
Save file created by FLAC3D 6.00.69.0
on 週五 七月 3 11:35:08 2026
Total Cycles: 55292  Super Cycles: 55292
Title: Alishan #46 SMALL near-field -- CONFORMAL rock(6-layer)+lining ring, Route C
Customer: 
        : 
********************************************
flac3d>[global CUR='06']
flac3d>call 'exp_body.f3dat'
flac3d>; exp_body.f3dat -- (re)defines the two exporters and runs them for suffix [CUR].
flac3d>;   Must be call'd AFTER each `model restore` (restore wipes the FISH environment,
flac3d>;   so the definitions have to be reloaded every stage). Uses global CUR set by driver.
flac3d>fish define exp_bnd(fname)
   Def>    local fb = file.open(fname,1,1)
   Def>    local a = array.create(1)
   Def>    a(1) = 'x y z dx dy dz'
   Def>    local st = file.write(a,1)
   Def>    local nb = 0
   Def>    loop foreach local g gp.list
   Def>        local p = gp.pos(g)
   Def>        local x = comp.x(p)
   Def>        local y = comp.y(p)
   Def>        local z = comp.z(p)
   Def>        if x > 1276.0 then
   Def>        if x < 1318.0 then
   Def>        if y > 859.0 then
   Def>        if y < 911.0 then
   Def>        if z > 1727.0 then
   Def>        if z < 1769.0 then
   Def>            local onb = 0
   Def>            if math.abs(x-1277.0) < 1.0 then
   Def>                onb = 1
   Def>            end_if
   Def>            if math.abs(x-1317.0) < 1.0 then
   Def>                onb = 1
   Def>            end_if
   Def>            if math.abs(y-860.0) < 1.0 then
   Def>                onb = 1
   Def>            end_if
   Def>            if math.abs(y-910.0) < 1.0 then
   Def>                onb = 1
   Def>            end_if
   Def>            if math.abs(z-1728.0) < 1.0 then
   Def>                onb = 1
   Def>            end_if
   Def>            if math.abs(z-1768.0) < 1.0 then
   Def>                onb = 1
   Def>            end_if
   Def>            if onb = 1 then
   Def>                local d = gp.disp(g)
   Def>                a(1) = string(x)+' '+string(y)+' '+string(z)+' '+string(comp.x(d))+' '+string(comp.y(d))+' '+string(comp.z(d))
   Def>                st = file.write(a,1)
   Def>                nb = nb + 1
   Def>            end_if
   Def>        end_if
   Def>        end_if
   Def>        end_if
   Def>        end_if
   Def>        end_if
   Def>        end_if
   Def>    end_loop
   Def>    st = file.close
   Def>    io.out('CEB-BND '+fname+' n='+string(nb))
   Def>end
flac3d>fish define exp_wall(fname)
   Def>    local fw = file.open(fname,1,1)
   Def>    local a = array.create(1)
   Def>    a(1) = 'x y z dx dy dz'
   Def>    local st = file.write(a,1)
   Def>    local nw = 0
   Def>    loop foreach local g gp.list
   Def>        local p = gp.pos(g)
   Def>        local y = comp.y(p)
   Def>        if y > 860.0 then
   Def>        if y < 910.0 then
   Def>            local rx = comp.x(p) - 1297.0
   Def>            local rz = comp.z(p) - 1747.5
   Def>            if rx*rx + rz*rz < 12.25 then
   Def>                local d = gp.disp(g)
   Def>                a(1) = string(comp.x(p))+' '+string(y)+' '+string(comp.z(p))+' '+string(comp.x(d))+' '+string(comp.y(d))+' '+string(comp.z(d))
   Def>                st = file.write(a,1)
   Def>                nw = nw + 1
   Def>            end_if
   Def>        end_if
   Def>        end_if
   Def>    end_loop
   Def>    st = file.close
   Def>    io.out('CEB-WALL '+fname+' n='+string(nw))
   Def>end
flac3d>[exp_bnd('cpl_bnd_s'+CUR+'.txt')]
CEB-BND cpl_bnd_s06.txt n=10109
0 (integer)
flac3d>[exp_wall('cpl_wall_s'+CUR+'.txt')]
CEB-WALL cpl_wall_s06.txt n=50261
0 (integer)
flac3d>[io.out('CEB stage '+CUR+' done')]
CEB stage 06 done
0 (integer)
flac3d>model restore '../output/ss_07'
********************************************
Save file created by FLAC3D 6.00.69.0
on 週五 七月 3 11:48:48 2026
Total Cycles: 57966  Super Cycles: 57966
Title: Alishan #46 SMALL near-field -- CONFORMAL rock(6-layer)+lining ring, Route C
Customer: 
        : 
********************************************
flac3d>[global CUR='07']
flac3d>call 'exp_body.f3dat'
flac3d>; exp_body.f3dat -- (re)defines the two exporters and runs them for suffix [CUR].
flac3d>;   Must be call'd AFTER each `model restore` (restore wipes the FISH environment,
flac3d>;   so the definitions have to be reloaded every stage). Uses global CUR set by driver.
flac3d>fish define exp_bnd(fname)
   Def>    local fb = file.open(fname,1,1)
   Def>    local a = array.create(1)
   Def>    a(1) = 'x y z dx dy dz'
   Def>    local st = file.write(a,1)
   Def>    local nb = 0
   Def>    loop foreach local g gp.list
   Def>        local p = gp.pos(g)
   Def>        local x = comp.x(p)
   Def>        local y = comp.y(p)
   Def>        local z = comp.z(p)
   Def>        if x > 1276.0 then
   Def>        if x < 1318.0 then
   Def>        if y > 859.0 then
   Def>        if y < 911.0 then
   Def>        if z > 1727.0 then
   Def>        if z < 1769.0 then
   Def>            local onb = 0
   Def>            if math.abs(x-1277.0) < 1.0 then
   Def>                onb = 1
   Def>            end_if
   Def>            if math.abs(x-1317.0) < 1.0 then
   Def>                onb = 1
   Def>            end_if
   Def>            if math.abs(y-860.0) < 1.0 then
   Def>                onb = 1
   Def>            end_if
   Def>            if math.abs(y-910.0) < 1.0 then
   Def>                onb = 1
   Def>            end_if
   Def>            if math.abs(z-1728.0) < 1.0 then
   Def>                onb = 1
   Def>            end_if
   Def>            if math.abs(z-1768.0) < 1.0 then
   Def>                onb = 1
   Def>            end_if
   Def>            if onb = 1 then
   Def>                local d = gp.disp(g)
   Def>                a(1) = string(x)+' '+string(y)+' '+string(z)+' '+string(comp.x(d))+' '+string(comp.y(d))+' '+string(comp.z(d))
   Def>                st = file.write(a,1)
   Def>                nb = nb + 1
   Def>            end_if
   Def>        end_if
   Def>        end_if
   Def>        end_if
   Def>        end_if
   Def>        end_if
   Def>        end_if
   Def>    end_loop
   Def>    st = file.close
   Def>    io.out('CEB-BND '+fname+' n='+string(nb))
   Def>end
flac3d>fish define exp_wall(fname)
   Def>    local fw = file.open(fname,1,1)
   Def>    local a = array.create(1)
   Def>    a(1) = 'x y z dx dy dz'
   Def>    local st = file.write(a,1)
   Def>    local nw = 0
   Def>    loop foreach local g gp.list
   Def>        local p = gp.pos(g)
   Def>        local y = comp.y(p)
   Def>        if y > 860.0 then
   Def>        if y < 910.0 then
   Def>            local rx = comp.x(p) - 1297.0
   Def>            local rz = comp.z(p) - 1747.5
   Def>            if rx*rx + rz*rz < 12.25 then
   Def>                local d = gp.disp(g)
   Def>                a(1) = string(comp.x(p))+' '+string(y)+' '+string(comp.z(p))+' '+string(comp.x(d))+' '+string(comp.y(d))+' '+string(comp.z(d))
   Def>                st = file.write(a,1)
   Def>                nw = nw + 1
   Def>            end_if
   Def>        end_if
   Def>        end_if
   Def>    end_loop
   Def>    st = file.close
   Def>    io.out('CEB-WALL '+fname+' n='+string(nw))
   Def>end
flac3d>[exp_bnd('cpl_bnd_s'+CUR+'.txt')]
CEB-BND cpl_bnd_s07.txt n=10109
0 (integer)
flac3d>[exp_wall('cpl_wall_s'+CUR+'.txt')]
CEB-WALL cpl_wall_s07.txt n=50261
0 (integer)
flac3d>[io.out('CEB stage '+CUR+' done')]
CEB stage 07 done
0 (integer)
flac3d>model restore '../output/ss_08'
********************************************
Save file created by FLAC3D 6.00.69.0
on 週五 七月 3 12:22:01 2026
Total Cycles: 64418  Super Cycles: 64418
Title: Alishan #46 SMALL near-field -- CONFORMAL rock(6-layer)+lining ring, Route C
Customer: 
        : 
********************************************
flac3d>[global CUR='08']
flac3d>call 'exp_body.f3dat'
flac3d>; exp_body.f3dat -- (re)defines the two exporters and runs them for suffix [CUR].
flac3d>;   Must be call'd AFTER each `model restore` (restore wipes the FISH environment,
flac3d>;   so the definitions have to be reloaded every stage). Uses global CUR set by driver.
flac3d>fish define exp_bnd(fname)
   Def>    local fb = file.open(fname,1,1)
   Def>    local a = array.create(1)
   Def>    a(1) = 'x y z dx dy dz'
   Def>    local st = file.write(a,1)
   Def>    local nb = 0
   Def>    loop foreach local g gp.list
   Def>        local p = gp.pos(g)
   Def>        local x = comp.x(p)
   Def>        local y = comp.y(p)
   Def>        local z = comp.z(p)
   Def>        if x > 1276.0 then
   Def>        if x < 1318.0 then
   Def>        if y > 859.0 then
   Def>        if y < 911.0 then
   Def>        if z > 1727.0 then
   Def>        if z < 1769.0 then
   Def>            local onb = 0
   Def>            if math.abs(x-1277.0) < 1.0 then
   Def>                onb = 1
   Def>            end_if
   Def>            if math.abs(x-1317.0) < 1.0 then
   Def>                onb = 1
   Def>            end_if
   Def>            if math.abs(y-860.0) < 1.0 then
   Def>                onb = 1
   Def>            end_if
   Def>            if math.abs(y-910.0) < 1.0 then
   Def>                onb = 1
   Def>            end_if
   Def>            if math.abs(z-1728.0) < 1.0 then
   Def>                onb = 1
   Def>            end_if
   Def>            if math.abs(z-1768.0) < 1.0 then
   Def>                onb = 1
   Def>            end_if
   Def>            if onb = 1 then
   Def>                local d = gp.disp(g)
   Def>                a(1) = string(x)+' '+string(y)+' '+string(z)+' '+string(comp.x(d))+' '+string(comp.y(d))+' '+string(comp.z(d))
   Def>                st = file.write(a,1)
   Def>                nb = nb + 1
   Def>            end_if
   Def>        end_if
   Def>        end_if
   Def>        end_if
   Def>        end_if
   Def>        end_if
   Def>        end_if
   Def>    end_loop
   Def>    st = file.close
   Def>    io.out('CEB-BND '+fname+' n='+string(nb))
   Def>end
flac3d>fish define exp_wall(fname)
   Def>    local fw = file.open(fname,1,1)
   Def>    local a = array.create(1)
   Def>    a(1) = 'x y z dx dy dz'
   Def>    local st = file.write(a,1)
   Def>    local nw = 0
   Def>    loop foreach local g gp.list
   Def>        local p = gp.pos(g)
   Def>        local y = comp.y(p)
   Def>        if y > 860.0 then
   Def>        if y < 910.0 then
   Def>            local rx = comp.x(p) - 1297.0
   Def>            local rz = comp.z(p) - 1747.5
   Def>            if rx*rx + rz*rz < 12.25 then
   Def>                local d = gp.disp(g)
   Def>                a(1) = string(comp.x(p))+' '+string(y)+' '+string(comp.z(p))+' '+string(comp.x(d))+' '+string(comp.y(d))+' '+string(comp.z(d))
   Def>                st = file.write(a,1)
   Def>                nw = nw + 1
   Def>            end_if
   Def>        end_if
   Def>        end_if
   Def>    end_loop
   Def>    st = file.close
   Def>    io.out('CEB-WALL '+fname+' n='+string(nw))
   Def>end
flac3d>[exp_bnd('cpl_bnd_s'+CUR+'.txt')]
CEB-BND cpl_bnd_s08.txt n=10109
0 (integer)
flac3d>[exp_wall('cpl_wall_s'+CUR+'.txt')]
CEB-WALL cpl_wall_s08.txt n=50261
0 (integer)
flac3d>[io.out('CEB stage '+CUR+' done')]
CEB stage 08 done
0 (integer)
flac3d>model restore '../output/ss_09'
********************************************
Save file created by FLAC3D 6.00.69.0
on 週五 七月 3 12:46:26 2026
Total Cycles: 69140  Super Cycles: 69140
Title: Alishan #46 SMALL near-field -- CONFORMAL rock(6-layer)+lining ring, Route C
Customer: 
        : 
********************************************
flac3d>[global CUR='09']
flac3d>call 'exp_body.f3dat'
flac3d>; exp_body.f3dat -- (re)defines the two exporters and runs them for suffix [CUR].
flac3d>;   Must be call'd AFTER each `model restore` (restore wipes the FISH environment,
flac3d>;   so the definitions have to be reloaded every stage). Uses global CUR set by driver.
flac3d>fish define exp_bnd(fname)
   Def>    local fb = file.open(fname,1,1)
   Def>    local a = array.create(1)
   Def>    a(1) = 'x y z dx dy dz'
   Def>    local st = file.write(a,1)
   Def>    local nb = 0
   Def>    loop foreach local g gp.list
   Def>        local p = gp.pos(g)
   Def>        local x = comp.x(p)
   Def>        local y = comp.y(p)
   Def>        local z = comp.z(p)
   Def>        if x > 1276.0 then
   Def>        if x < 1318.0 then
   Def>        if y > 859.0 then
   Def>        if y < 911.0 then
   Def>        if z > 1727.0 then
   Def>        if z < 1769.0 then
   Def>            local onb = 0
   Def>            if math.abs(x-1277.0) < 1.0 then
   Def>                onb = 1
   Def>            end_if
   Def>            if math.abs(x-1317.0) < 1.0 then
   Def>                onb = 1
   Def>            end_if
   Def>            if math.abs(y-860.0) < 1.0 then
   Def>                onb = 1
   Def>            end_if
   Def>            if math.abs(y-910.0) < 1.0 then
   Def>                onb = 1
   Def>            end_if
   Def>            if math.abs(z-1728.0) < 1.0 then
   Def>                onb = 1
   Def>            end_if
   Def>            if math.abs(z-1768.0) < 1.0 then
   Def>                onb = 1
   Def>            end_if
   Def>            if onb = 1 then
   Def>                local d = gp.disp(g)
   Def>                a(1) = string(x)+' '+string(y)+' '+string(z)+' '+string(comp.x(d))+' '+string(comp.y(d))+' '+string(comp.z(d))
   Def>                st = file.write(a,1)
   Def>                nb = nb + 1
   Def>            end_if
   Def>        end_if
   Def>        end_if
   Def>        end_if
   Def>        end_if
   Def>        end_if
   Def>        end_if
   Def>    end_loop
   Def>    st = file.close
   Def>    io.out('CEB-BND '+fname+' n='+string(nb))
   Def>end
flac3d>fish define exp_wall(fname)
   Def>    local fw = file.open(fname,1,1)
   Def>    local a = array.create(1)
   Def>    a(1) = 'x y z dx dy dz'
   Def>    local st = file.write(a,1)
   Def>    local nw = 0
   Def>    loop foreach local g gp.list
   Def>        local p = gp.pos(g)
   Def>        local y = comp.y(p)
   Def>        if y > 860.0 then
   Def>        if y < 910.0 then
   Def>            local rx = comp.x(p) - 1297.0
   Def>            local rz = comp.z(p) - 1747.5
   Def>            if rx*rx + rz*rz < 12.25 then
   Def>                local d = gp.disp(g)
   Def>                a(1) = string(comp.x(p))+' '+string(y)+' '+string(comp.z(p))+' '+string(comp.x(d))+' '+string(comp.y(d))+' '+string(comp.z(d))
   Def>                st = file.write(a,1)
   Def>                nw = nw + 1
   Def>            end_if
   Def>        end_if
   Def>        end_if
   Def>    end_loop
   Def>    st = file.close
   Def>    io.out('CEB-WALL '+fname+' n='+string(nw))
   Def>end
flac3d>[exp_bnd('cpl_bnd_s'+CUR+'.txt')]
CEB-BND cpl_bnd_s09.txt n=10109
0 (integer)
flac3d>[exp_wall('cpl_wall_s'+CUR+'.txt')]
CEB-WALL cpl_wall_s09.txt n=50261
0 (integer)
flac3d>[io.out('CEB stage '+CUR+' done')]
CEB stage 09 done
0 (integer)
flac3d>model restore '../output/ss_10'
********************************************
Save file created by FLAC3D 6.00.69.0
on 週五 七月 3 13:12:11 2026
Total Cycles: 74091  Super Cycles: 74091
Title: Alishan #46 SMALL near-field -- CONFORMAL rock(6-layer)+lining ring, Route C
Customer: 
        : 
********************************************
flac3d>[global CUR='10']
flac3d>call 'exp_body.f3dat'
flac3d>; exp_body.f3dat -- (re)defines the two exporters and runs them for suffix [CUR].
flac3d>;   Must be call'd AFTER each `model restore` (restore wipes the FISH environment,
flac3d>;   so the definitions have to be reloaded every stage). Uses global CUR set by driver.
flac3d>fish define exp_bnd(fname)
   Def>    local fb = file.open(fname,1,1)
   Def>    local a = array.create(1)
   Def>    a(1) = 'x y z dx dy dz'
   Def>    local st = file.write(a,1)
   Def>    local nb = 0
   Def>    loop foreach local g gp.list
   Def>        local p = gp.pos(g)
   Def>        local x = comp.x(p)
   Def>        local y = comp.y(p)
   Def>        local z = comp.z(p)
   Def>        if x > 1276.0 then
   Def>        if x < 1318.0 then
   Def>        if y > 859.0 then
   Def>        if y < 911.0 then
   Def>        if z > 1727.0 then
   Def>        if z < 1769.0 then
   Def>            local onb = 0
   Def>            if math.abs(x-1277.0) < 1.0 then
   Def>                onb = 1
   Def>            end_if
   Def>            if math.abs(x-1317.0) < 1.0 then
   Def>                onb = 1
   Def>            end_if
   Def>            if math.abs(y-860.0) < 1.0 then
   Def>                onb = 1
   Def>            end_if
   Def>            if math.abs(y-910.0) < 1.0 then
   Def>                onb = 1
   Def>            end_if
   Def>            if math.abs(z-1728.0) < 1.0 then
   Def>                onb = 1
   Def>            end_if
   Def>            if math.abs(z-1768.0) < 1.0 then
   Def>                onb = 1
   Def>            end_if
   Def>            if onb = 1 then
   Def>                local d = gp.disp(g)
   Def>                a(1) = string(x)+' '+string(y)+' '+string(z)+' '+string(comp.x(d))+' '+string(comp.y(d))+' '+string(comp.z(d))
   Def>                st = file.write(a,1)
   Def>                nb = nb + 1
   Def>            end_if
   Def>        end_if
   Def>        end_if
   Def>        end_if
   Def>        end_if
   Def>        end_if
   Def>        end_if
   Def>    end_loop
   Def>    st = file.close
   Def>    io.out('CEB-BND '+fname+' n='+string(nb))
   Def>end
flac3d>fish define exp_wall(fname)
   Def>    local fw = file.open(fname,1,1)
   Def>    local a = array.create(1)
   Def>    a(1) = 'x y z dx dy dz'
   Def>    local st = file.write(a,1)
   Def>    local nw = 0
   Def>    loop foreach local g gp.list
   Def>        local p = gp.pos(g)
   Def>        local y = comp.y(p)
   Def>        if y > 860.0 then
   Def>        if y < 910.0 then
   Def>            local rx = comp.x(p) - 1297.0
   Def>            local rz = comp.z(p) - 1747.5
   Def>            if rx*rx + rz*rz < 12.25 then
   Def>                local d = gp.disp(g)
   Def>                a(1) = string(comp.x(p))+' '+string(y)+' '+string(comp.z(p))+' '+string(comp.x(d))+' '+string(comp.y(d))+' '+string(comp.z(d))
   Def>                st = file.write(a,1)
   Def>                nw = nw + 1
   Def>            end_if
   Def>        end_if
   Def>        end_if
   Def>    end_loop
   Def>    st = file.close
   Def>    io.out('CEB-WALL '+fname+' n='+string(nw))
   Def>end
flac3d>[exp_bnd('cpl_bnd_s'+CUR+'.txt')]
CEB-BND cpl_bnd_s10.txt n=10109
0 (integer)
flac3d>[exp_wall('cpl_wall_s'+CUR+'.txt')]
CEB-WALL cpl_wall_s10.txt n=50261
0 (integer)
flac3d>[io.out('CEB stage '+CUR+' done')]
CEB stage 10 done
0 (integer)
flac3d>model restore '../output/ss_11'
********************************************
Save file created by FLAC3D 6.00.69.0
on 週五 七月 3 13:56:28 2026
Total Cycles: 82434  Super Cycles: 82434
Title: Alishan #46 SMALL near-field -- CONFORMAL rock(6-layer)+lining ring, Route C
Customer: 
        : 
********************************************
flac3d>[global CUR='11']
flac3d>call 'exp_body.f3dat'
flac3d>; exp_body.f3dat -- (re)defines the two exporters and runs them for suffix [CUR].
flac3d>;   Must be call'd AFTER each `model restore` (restore wipes the FISH environment,
flac3d>;   so the definitions have to be reloaded every stage). Uses global CUR set by driver.
flac3d>fish define exp_bnd(fname)
   Def>    local fb = file.open(fname,1,1)
   Def>    local a = array.create(1)
   Def>    a(1) = 'x y z dx dy dz'
   Def>    local st = file.write(a,1)
   Def>    local nb = 0
   Def>    loop foreach local g gp.list
   Def>        local p = gp.pos(g)
   Def>        local x = comp.x(p)
   Def>        local y = comp.y(p)
   Def>        local z = comp.z(p)
   Def>        if x > 1276.0 then
   Def>        if x < 1318.0 then
   Def>        if y > 859.0 then
   Def>        if y < 911.0 then
   Def>        if z > 1727.0 then
   Def>        if z < 1769.0 then
   Def>            local onb = 0
   Def>            if math.abs(x-1277.0) < 1.0 then
   Def>                onb = 1
   Def>            end_if
   Def>            if math.abs(x-1317.0) < 1.0 then
   Def>                onb = 1
   Def>            end_if
   Def>            if math.abs(y-860.0) < 1.0 then
   Def>                onb = 1
   Def>            end_if
   Def>            if math.abs(y-910.0) < 1.0 then
   Def>                onb = 1
   Def>            end_if
   Def>            if math.abs(z-1728.0) < 1.0 then
   Def>                onb = 1
   Def>            end_if
   Def>            if math.abs(z-1768.0) < 1.0 then
   Def>                onb = 1
   Def>            end_if
   Def>            if onb = 1 then
   Def>                local d = gp.disp(g)
   Def>                a(1) = string(x)+' '+string(y)+' '+string(z)+' '+string(comp.x(d))+' '+string(comp.y(d))+' '+string(comp.z(d))
   Def>                st = file.write(a,1)
   Def>                nb = nb + 1
   Def>            end_if
   Def>        end_if
   Def>        end_if
   Def>        end_if
   Def>        end_if
   Def>        end_if
   Def>        end_if
   Def>    end_loop
   Def>    st = file.close
   Def>    io.out('CEB-BND '+fname+' n='+string(nb))
   Def>end
flac3d>fish define exp_wall(fname)
   Def>    local fw = file.open(fname,1,1)
   Def>    local a = array.create(1)
   Def>    a(1) = 'x y z dx dy dz'
   Def>    local st = file.write(a,1)
   Def>    local nw = 0
   Def>    loop foreach local g gp.list
   Def>        local p = gp.pos(g)
   Def>        local y = comp.y(p)
   Def>        if y > 860.0 then
   Def>        if y < 910.0 then
   Def>            local rx = comp.x(p) - 1297.0
   Def>            local rz = comp.z(p) - 1747.5
   Def>            if rx*rx + rz*rz < 12.25 then
   Def>                local d = gp.disp(g)
   Def>                a(1) = string(comp.x(p))+' '+string(y)+' '+string(comp.z(p))+' '+string(comp.x(d))+' '+string(comp.y(d))+' '+string(comp.z(d))
   Def>                st = file.write(a,1)
   Def>                nw = nw + 1
   Def>            end_if
   Def>        end_if
   Def>        end_if
   Def>    end_loop
   Def>    st = file.close
   Def>    io.out('CEB-WALL '+fname+' n='+string(nw))
   Def>end
flac3d>[exp_bnd('cpl_bnd_s'+CUR+'.txt')]
CEB-BND cpl_bnd_s11.txt n=10109
0 (integer)
flac3d>[exp_wall('cpl_wall_s'+CUR+'.txt')]
CEB-WALL cpl_wall_s11.txt n=50261
0 (integer)
flac3d>[io.out('CEB stage '+CUR+' done')]
CEB stage 11 done
0 (integer)
flac3d>[io.out('CEB-DONE 11 stages')]
CEB-DONE 11 stages
0 (integer)
flac3d>program log off
**********************************************
* Logging ended at 週六 七月 4 17:19:14 2026
**********************************************
