**********************************************
* Logging started at ¶g¤» ¤C¤ë 4 17:06:48 2026
* By flac3d Version 6.00 Release 069
* 
* 
* Job Title: 
**********************************************
flac3d>fish automatic-create on
flac3d>
flac3d>fish define exp_stage(fnb, fnw)
   Def>    ; (a) boundary bands of the couple box
   Def>    local fb = file.open(fnb,1,1)
   Def>    local a = array.create(1)
   Def>    a(1) = 'x y z dx dy dz'
   Def>    local st = file.write(a,1)
   Def>    local nb = 0
   Def>    loop foreach local g gp.list
   Def>        local p = gp.pos(g)
   Def>        local x = comp.x(p)
   Def>        local y = comp.y(p)
   Def>        local z = comp.z(p)
   Def>        if x > 1276.0 then
   Def>        if x < 1318.0 then
   Def>        if y > 859.0 then
   Def>        if y < 911.0 then
   Def>        if z > 1727.0 then
   Def>        if z < 1769.0 then
   Def>            local onb = 0
   Def>            if math.abs(x-1277.0) < 1.0 then
   Def>                onb = 1
   Def>            end_if
   Def>            if math.abs(x-1317.0) < 1.0 then
   Def>                onb = 1
   Def>            end_if
   Def>            if math.abs(y-860.0) < 1.0 then
   Def>                onb = 1
   Def>            end_if
   Def>            if math.abs(y-910.0) < 1.0 then
   Def>                onb = 1
   Def>            end_if
   Def>            if math.abs(z-1728.0) < 1.0 then
   Def>                onb = 1
   Def>            end_if
   Def>            if math.abs(z-1768.0) < 1.0 then
   Def>                onb = 1
   Def>            end_if
   Def>            if onb = 1 then
   Def>                local d = gp.disp(g)
   Def>                a(1) = string(x)+' '+string(y)+' '+string(z)+' '+string(comp.x(d))+' '+string(comp.y(d))+' '+string(comp.z(d))
   Def>                st = file.write(a,1)
   Def>                nb = nb + 1
   Def>            end_if
   Def>        end_if
   Def>        end_if
   Def>        end_if
   Def>        end_if
   Def>        end_if
   Def>        end_if
   Def>    end_loop
   Def>    st = file.close
   Def>    ; (b) cavity wall band (G2 reference): r<=3.5 m of tunnel center (1297,1747.5), y in couple range
   Def>    local fw = file.open(fnw,1,1)
   Def>    a(1) = 'x y z dx dy dz'
   Def>    st = file.write(a,1)
   Def>    local nw = 0
   Def>    loop foreach local gw gp.list
   Def>        local pw = gp.pos(gw)
   Def>        local y2 = comp.y(pw)
   Def>        if y2 > 860.0 then
   Def>        if y2 < 910.0 then
   Def>            local rx = comp.x(pw) - 1297.0
   Def>            local rz = comp.z(pw) - 1747.5
   Def>            if rx*rx + rz*rz < 12.25 then
   Def>                local dw = gp.disp(gw)
   Def>                a(1) = string(comp.x(pw))+' '+string(y2)+' '+string(comp.z(pw))+' '+string(comp.x(dw))+' '+string(comp.y(dw))+' '+string(comp.z(dw))
   Def>                st = file.write(a,1)
   Def>                nw = nw + 1
   Def>            end_if
   Def>        end_if
   Def>        end_if
   Def>    end_loop
   Def>    st = file.close
   Def>    io.out('CEB '+fnb+' n_bnd='+string(nb)+' | '+fnw+' n_wall='+string(nw))
   Def>end
flac3d>
flac3d>model restore '../output/ss_01'
********************************************
Save file created by FLAC3D 6.00.69.0
on ¶g¤­ ¤C¤ë 3 09:37:07 2026
Total Cycles: 32436  Super Cycles: 32436
Title: Alishan #46 SMALL near-field -- CONFORMAL rock(6-layer)+lining ring, Route C
Customer: 
        : 
********************************************
flac3d>[exp_stage('cpl_bnd_s01.txt','cpl_wall_s01.txt')]
*** Fish: Arguments provided but not used.
    From line 93 of source C:/Users/Wade/Desktop/Tunnel_TX/05_One_Way_Simulation/process/couple_export_bnd_v2.f3dat.
    While processing line 92 of file C:/Users/Wade/Desktop/Tunnel_TX/05_One_Way_Simulation/process/couple_export_bnd_v2.f3dat.
